stm stderr: 
stm stderr: [33mNumber of goroutines before the engine is initialised: 4[0m
client thread 0 connected, waiting for others...
client thread 1 connected, waiting for others...
client thread 2 connected, waiting for others...
client thread 3 connected, waiting for others...
client thread 4 connected, waiting for others...
client thread 5 connected, waiting for others...
client thread 6 connected, waiting for others...
client thread 8 connected, waiting for others...
client thread 7 connected, waiting for others...
client thread 10 connected, waiting for others...
client thread 12 connected, waiting for others...
client thread 14 connected, waiting for others...
client thread 13 connected, waiting for others...
client thread 9 connected, waiting for others...
client thread 11 connected, waiting for others...
client thread 15 connected, waiting for others...
STM stdout: ! id: 1 timestamp: 1774666468501823000 count: 3
STM stdout: R @ 1 -> 0
STM stdout: R @ 2 -> 0
STM stdout: W @ 1 -> 20
STM stdout: ! id: 15 timestamp: 1774666468501982000 count: 3
STM stdout: R @ 1 -> 20
STM stdout: R @ 2 -> 0
STM stdout: W @ 1 -> 160
STM stdout: ! id: 2 timestamp: 1774666468502208000 count: 3
STM stdout: R @ 1 -> 160
STM stdout: R @ 2 -> 0
STM stdout: W @ 1 -> 30
STM stdout: ! id: 3 timestamp: 1774666468502337000 count: 3
STM stdout: R @ 1 -> 30
STM stdout: R @ 2 -> 0
STM stdout: W @ 1 -> 40
STM stdout: ! id: 4 timestamp: 1774666468502474000 count: 3
STM stdout: R @ 1 -> 40
STM stdout: R @ 2 -> 0
STM stdout: W @ 1 -> 50
STM stdout: ! id: 5 timestamp: 1774666468502516000 count: 3
STM stdout: R @ 1 -> 50
STM stdout: R @ 2 -> 0
STM stdout: W @ 1 -> 60
STM stdout: ! id: 0 timestamp: 1774666468502684000 count: 3
STM stdout: R @ 1 -> 60
STM stdout: R @ 2 -> 0
STM stdout: W @ 1 -> 10
STM stdout: ! id: 8 timestamp: 1774666468502726000 count: 3
STM stdout: R @ 1 -> 10
STM stdout: R @ 2 -> 0
STM stdout: W @ 1 -> 90
STM stdout: ! id: 6 timestamp: 1774666468502735000 count: 3
STM stdout: R @ 1 -> 90
STM stdout: R @ 2 -> 0
STM stdout: W @ 1 -> 70
STM stdout: ! id: 12 timestamp: 1774666468502901000 count: 3
STM stdout: R @ 1 -> 70
STM stdout: R @ 2 -> 0
STM stdout: W @ 1 -> 130
STM stdout: ! id: 10 timestamp: 1774666468502934000 count: 3
STM stdout: R @ 1 -> 130
STM stdout: R @ 2 -> 0
STM stdout: W @ 1 -> 110
STM stdout: ! id: 7 timestamp: 1774666468503025000 count: 3
STM stdout: R @ 1 -> 110
STM stdout: R @ 2 -> 0
STM stdout: W @ 1 -> 80
STM stdout: ! id: 14 timestamp: 1774666468503186000 count: 3
STM stdout: R @ 1 -> 80
STM stdout: R @ 2 -> 0
STM stdout: W @ 1 -> 150
STM stdout: ! id: 13 timestamp: 1774666468503203000 count: 3
STM stdout: R @ 1 -> 150
STM stdout: R @ 2 -> 0
STM stdout: W @ 1 -> 140
STM stdout: ! id: 11 timestamp: 1774666468503317000 count: 3
STM stdout: R @ 1 -> 140
STM stdout: R @ 2 -> 0
STM stdout: W @ 1 -> 120
STM stdout: ! id: 9 timestamp: 1774666468503392000 count: 3
STM stdout: R @ 1 -> 120
STM stdout: R @ 2 -> 0
STM stdout: W @ 1 -> 100
Checking: ! id: 1 timestamp: 1774666468501823000 count: 3
Checking: R @ 1 -> 0
Checking: R @ 2 -> 0
Checking: W @ 1 -> 20
Checking: ! id: 15 timestamp: 1774666468501982000 count: 3
Checking: R @ 1 -> 20
Checking: R @ 2 -> 0
Checking: W @ 1 -> 160
Checking: ! id: 2 timestamp: 1774666468502208000 count: 3
Checking: R @ 1 -> 160
Checking: R @ 2 -> 0
Checking: W @ 1 -> 30
Checking: ! id: 3 timestamp: 1774666468502337000 count: 3
Checking: R @ 1 -> 30
Checking: R @ 2 -> 0
Checking: W @ 1 -> 40
Checking: ! id: 4 timestamp: 1774666468502474000 count: 3
Checking: R @ 1 -> 40
Checking: R @ 2 -> 0
Checking: W @ 1 -> 50
Checking: ! id: 5 timestamp: 1774666468502516000 count: 3
Checking: R @ 1 -> 50
Checking: R @ 2 -> 0
Checking: W @ 1 -> 60
Checking: ! id: 0 timestamp: 1774666468502684000 count: 3
Checking: R @ 1 -> 60
Checking: R @ 2 -> 0
Checking: W @ 1 -> 10
Checking: ! id: 8 timestamp: 1774666468502726000 count: 3
Checking: R @ 1 -> 10
Checking: R @ 2 -> 0
Checking: W @ 1 -> 90
Checking: ! id: 6 timestamp: 1774666468502735000 count: 3
Checking: R @ 1 -> 90
Checking: R @ 2 -> 0
Checking: W @ 1 -> 70
Checking: ! id: 12 timestamp: 1774666468502901000 count: 3
Checking: R @ 1 -> 70
Checking: R @ 2 -> 0
Checking: W @ 1 -> 130
Checking: ! id: 10 timestamp: 1774666468502934000 count: 3
Checking: R @ 1 -> 130
Checking: R @ 2 -> 0
Checking: W @ 1 -> 110
Checking: ! id: 7 timestamp: 1774666468503025000 count: 3
Checking: R @ 1 -> 110
Checking: R @ 2 -> 0
Checking: W @ 1 -> 80
Checking: ! id: 14 timestamp: 1774666468503186000 count: 3
Checking: R @ 1 -> 80
Checking: R @ 2 -> 0
Checking: W @ 1 -> 150
Checking: ! id: 13 timestamp: 1774666468503203000 count: 3
Checking: R @ 1 -> 150
Checking: R @ 2 -> 0
Checking: W @ 1 -> 140
Checking: ! id: 11 timestamp: 1774666468503317000 count: 3
Checking: R @ 1 -> 140
Checking: R @ 2 -> 0
Checking: W @ 1 -> 120
Checking: ! id: 9 timestamp: 1774666468503392000 count: 3
Checking: R @ 1 -> 120
Checking: R @ 2 -> 0
Checking: W @ 1 -> 100
stm stderr: 
stm stderr: [33mNumber of goroutines after the engine is shutdown: 2[0m
stm stderr: [32mgoroutine 1 [running]:
stm stderr: main.main()
stm stderr: 	/Users/kenji/Documents/Y3S2/CS3211/cs3211-a2-a2_a0276238w_a0286456n/main/main.go:83 +0x498
stm stderr: 
stm stderr: goroutine 50 [syscall]:
stm stderr: os/signal.signal_recv()
stm stderr: 	/usr/local/go/src/runtime/sigqueue.go:149 +0x108
stm stderr: os/signal.loop()
stm stderr: 	/usr/local/go/src/os/signal/signal_unix.go:23 +0x1c
stm stderr: created by os/signal.Notify.func1.1 in goroutine 20
stm stderr: 	/usr/local/go/src/os/signal/signal.go:152 +0x28
stm stderr: [0mstm stderr closed
test passed.
test passed
