stm stderr: 
stm stderr: [33mNumber of goroutines before the engine is initialised: 3[0m
client thread 2 connected, waiting for others...
client thread 3 connected, waiting for others...
client thread 0 connected, waiting for others...
client thread 1 connected, waiting for others...
STM stdout: ! id: 3 timestamp: 1774666454921589000 count: 3
STM stdout: W @ 200 -> 200
STM stdout: W @ 201 -> 201
STM stdout: W @ 202 -> 202
STM stdout: ! id: 1 timestamp: 1774666454921608000 count: 3
STM stdout: W @ 50 -> 50
STM stdout: W @ 51 -> 51
STM stdout: W @ 52 -> 52
STM stdout: ! id: 0 timestamp: 1774666454921589000 count: 3
STM stdout: W @ 0 -> 10
STM stdout: W @ 1 -> 11
STM stdout: W @ 2 -> 12
STM stdout: ! id: 2 timestamp: 1774666454921618000 count: 3
STM stdout: W @ 100 -> 100
STM stdout: W @ 101 -> 101
STM stdout: W @ 102 -> 102
Checking: ! id: 3 timestamp: 1774666454921589000 count: 3
Checking: W @ 200 -> 200
Checking: W @ 201 -> 201
Checking: W @ 202 -> 202
Checking: ! id: 0 timestamp: 1774666454921589000 count: 3
Checking: W @ 0 -> 10
Checking: W @ 1 -> 11
Checking: W @ 2 -> 12
Checking: ! id: 1 timestamp: 1774666454921608000 count: 3
Checking: W @ 50 -> 50
Checking: W @ 51 -> 51
Checking: W @ 52 -> 52
Checking: ! id: 2 timestamp: 1774666454921618000 count: 3
Checking: W @ 100 -> 100
Checking: W @ 101 -> 101
Checking: W @ 102 -> 102
stm stderr: 
stm stderr: [33mNumber of goroutines after the engine is shutdown: 2[0m
stm stderr: [32mgoroutine 1 [running]:
stm stderr: main.main()
stm stderr: 	/Users/kenji/Documents/Y3S2/CS3211/cs3211-a2-a2_a0276238w_a0286456n/main/main.go:83 +0x498
stm stderr: 
stm stderr: goroutine 50 [syscall]:
stm stderr: os/signal.signal_recv()
stm stderr: 	/usr/local/go/src/runtime/sigqueue.go:149 +0x108
stm stderr: os/signal.loop()
stm stderr: 	/usr/local/go/src/os/signal/signal_unix.go:23 +0x1c
stm stderr: created by os/signal.Notify.func1.1 in goroutine 20
stm stderr: 	/usr/local/go/src/os/signal/signal.go:152 +0x28
stm stderr: [0mstm stderr closed
test passed.
test passed
