stm stderr: 
stm stderr: [33mNumber of goroutines before the engine is initialised: 4[0m
client thread 1 connected, waiting for others...
client thread 0 connected, waiting for others...
client thread 2 connected, waiting for others...
client thread 3 connected, waiting for others...
STM stdout: ! id: 2 timestamp: 1774666441343385000 count: 3
STM stdout: R @ 10 -> 0
STM stdout: R @ 20 -> 0
STM stdout: R @ 30 -> 0
STM stdout: ! id: 0 timestamp: 1774666441343479000 count: 3
STM stdout: R @ 10 -> 0
STM stdout: R @ 20 -> 0
STM stdout: R @ 30 -> 0
STM stdout: ! id: 3 timestamp: 1774666441343515000 count: 3
STM stdout: R @ 10 -> 0
STM stdout: R @ 20 -> 0
STM stdout: R @ 30 -> 0
STM stdout: ! id: 1 timestamp: 1774666441343548000 count: 3
STM stdout: R @ 10 -> 0
STM stdout: R @ 20 -> 0
STM stdout: R @ 30 -> 0
Checking: ! id: 2 timestamp: 1774666441343385000 count: 3
Checking: R @ 10 -> 0
Checking: R @ 20 -> 0
Checking: R @ 30 -> 0
Checking: ! id: 0 timestamp: 1774666441343479000 count: 3
Checking: R @ 10 -> 0
Checking: R @ 20 -> 0
Checking: R @ 30 -> 0
Checking: ! id: 3 timestamp: 1774666441343515000 count: 3
Checking: R @ 10 -> 0
Checking: R @ 20 -> 0
Checking: R @ 30 -> 0
Checking: ! id: 1 timestamp: 1774666441343548000 count: 3
Checking: R @ 10 -> 0
Checking: R @ 20 -> 0
Checking: R @ 30 -> 0
stm stderr: 
stm stderr: [33mNumber of goroutines after the engine is shutdown: 2[0m
stm stderr: [32mgoroutine 1 [running]:
stm stderr: main.main()
stm stderr: 	/Users/kenji/Documents/Y3S2/CS3211/cs3211-a2-a2_a0276238w_a0286456n/main/main.go:83 +0x498
stm stderr: 
stm stderr: goroutine 50 [syscall]:
stm stderr: os/signal.signal_recv()
stm stderr: 	/usr/local/go/src/runtime/sigqueue.go:149 +0x108
stm stderr: os/signal.loop()
stm stderr: 	/usr/local/go/src/os/signal/signal_unix.go:23 +0x1c
stm stderr: created by os/signal.Notify.func1.1 in goroutine 20
stm stderr: 	/usr/local/go/src/os/signal/signal.go:152 +0x28
stm stderr: [0mstm stderr closed
test passed.
test passed
