stm stderr: 
stm stderr: [33mNumber of goroutines before the engine is initialised: 4[0m
client thread 0 connected, waiting for others...
client thread 1 connected, waiting for others...
STM stdout: ! id: 1 timestamp: 1774666463978134000 count: 3
STM stdout: W @ 5 -> 999
STM stdout: W @ 10 -> 888
STM stdout: W @ 15 -> 777
STM stdout: ! id: 0 timestamp: 1774666463978317000 count: 16
STM stdout: R @ 0 -> 0
STM stdout: R @ 1 -> 0
STM stdout: R @ 2 -> 0
STM stdout: R @ 3 -> 0
STM stdout: R @ 4 -> 0
STM stdout: R @ 5 -> 999
STM stdout: R @ 6 -> 0
STM stdout: R @ 7 -> 0
STM stdout: R @ 8 -> 0
STM stdout: R @ 9 -> 0
STM stdout: R @ 10 -> 888
STM stdout: R @ 11 -> 0
STM stdout: R @ 12 -> 0
STM stdout: R @ 13 -> 0
STM stdout: R @ 14 -> 0
STM stdout: R @ 15 -> 777
Checking: ! id: 1 timestamp: 1774666463978134000 count: 3
Checking: W @ 5 -> 999
Checking: W @ 10 -> 888
Checking: W @ 15 -> 777
Checking: ! id: 0 timestamp: 1774666463978317000 count: 16
Checking: R @ 0 -> 0
Checking: R @ 1 -> 0
Checking: R @ 2 -> 0
Checking: R @ 3 -> 0
Checking: R @ 4 -> 0
Checking: R @ 5 -> 999
Checking: R @ 6 -> 0
Checking: R @ 7 -> 0
Checking: R @ 8 -> 0
Checking: R @ 9 -> 0
Checking: R @ 10 -> 888
Checking: R @ 11 -> 0
Checking: R @ 12 -> 0
Checking: R @ 13 -> 0
Checking: R @ 14 -> 0
Checking: R @ 15 -> 777
stm stderr: 
stm stderr: [33mNumber of goroutines after the engine is shutdown: 2[0m
stm stderr: [32mgoroutine 1 [running]:
stm stderr: main.main()
stm stderr: 	/Users/kenji/Documents/Y3S2/CS3211/cs3211-a2-a2_a0276238w_a0286456n/main/main.go:83 +0x498
stm stderr: 
stm stderr: goroutine 19 [syscall]:
stm stderr: os/signal.signal_recv()
stm stderr: 	/usr/local/go/src/runtime/sigqueue.go:149 +0x108
stm stderr: os/signal.loop()
stm stderr: 	/usr/local/go/src/os/signal/signal_unix.go:23 +0x1c
stm stderr: created by os/signal.Notify.func1.1 in goroutine 7
stm stderr: 	/usr/local/go/src/os/signal/signal.go:152 +0x28
stm stderr: [0mstm stderr closed
test passed.
test passed
