stm stderr: 
stm stderr: [33mNumber of goroutines before the engine is initialised: 4[0m
client thread 2 connected, waiting for others...
client thread 1 connected, waiting for others...
client thread 0 connected, waiting for others...
client thread 3 connected, waiting for others...
STM stdout: ! id: 2 timestamp: 1774666459451127000 count: 3
STM stdout: W @ 15 -> 10000
STM stdout: W @ 25 -> 20000
STM stdout: W @ 35 -> 30000
STM stdout: ! id: 1 timestamp: 1774666459451151000 count: 3
STM stdout: W @ 10 -> 1000
STM stdout: W @ 20 -> 2000
STM stdout: W @ 30 -> 3000
STM stdout: ! id: 3 timestamp: 1774666459451259000 count: 3
STM stdout: W @ 5 -> 100000
STM stdout: W @ 15 -> 200000
STM stdout: W @ 25 -> 300000
STM stdout: ! id: 0 timestamp: 1774666459451308000 count: 3
STM stdout: W @ 5 -> 100
STM stdout: W @ 10 -> 200
STM stdout: W @ 15 -> 300
Checking: ! id: 2 timestamp: 1774666459451127000 count: 3
Checking: W @ 15 -> 10000
Checking: W @ 25 -> 20000
Checking: W @ 35 -> 30000
Checking: ! id: 1 timestamp: 1774666459451151000 count: 3
Checking: W @ 10 -> 1000
Checking: W @ 20 -> 2000
Checking: W @ 30 -> 3000
Checking: ! id: 3 timestamp: 1774666459451259000 count: 3
Checking: W @ 5 -> 100000
Checking: W @ 15 -> 200000
Checking: W @ 25 -> 300000
Checking: ! id: 0 timestamp: 1774666459451308000 count: 3
Checking: W @ 5 -> 100
Checking: W @ 10 -> 200
Checking: W @ 15 -> 300
stm stderr: 
stm stderr: [33mNumber of goroutines after the engine is shutdown: 2[0m
stm stderr: [32mgoroutine 1 [running]:
stm stderr: main.main()
stm stderr: 	/Users/kenji/Documents/Y3S2/CS3211/cs3211-a2-a2_a0276238w_a0286456n/main/main.go:83 +0x498
stm stderr: 
stm stderr: goroutine 34 [syscall]:
stm stderr: os/signal.signal_recv()
stm stderr: 	/usr/local/go/src/runtime/sigqueue.go:149 +0x108
stm stderr: os/signal.loop()
stm stderr: 	/usr/local/go/src/os/signal/signal_unix.go:23 +0x1c
stm stderr: created by os/signal.Notify.func1.1 in goroutine 7
stm stderr: 	/usr/local/go/src/os/signal/signal.go:152 +0x28
stm stderr: [0mstm stderr closed
test passed.
test passed
