stm stderr: 
stm stderr: [33mNumber of goroutines before the engine is initialised: 4[0m
client thread 1 connected, waiting for others...
client thread 0 connected, waiting for others...
STM stdout: ! id: 1 timestamp: 1774666532641406000 count: 1
STM stdout: W @ 0 -> 10
STM stdout: ! id: 2 timestamp: 1774666532641427000 count: 2
STM stdout: R @ 0 -> 10
STM stdout: W @ 0 -> 20
Checking: ! id: 1 timestamp: 1774666532641406000 count: 1
Checking: W @ 0 -> 10
Checking: ! id: 2 timestamp: 1774666532641427000 count: 2
Checking: R @ 0 -> 10
Checking: W @ 0 -> 20
stm stderr: 
stm stderr: [33mNumber of goroutines after the engine is shutdown: 2[0m
stm stderr: [32mgoroutine 1 [running]:
stm stderr: main.main()
stm stderr: 	/Users/kenji/Documents/Y3S2/CS3211/cs3211-a2-a2_a0276238w_a0286456n/main/main.go:83 +0x498
stm stderr: 
stm stderr: goroutine 34 [syscall]:
stm stderr: os/signal.signal_recv()
stm stderr: 	/usr/local/go/src/runtime/sigqueue.go:149 +0x108
stm stderr: os/signal.loop()
stm stderr: 	/usr/local/go/src/os/signal/signal_unix.go:23 +0x1c
stm stderr: created by os/signal.Notify.func1.1 in goroutine 7
stm stderr: 	/usr/local/go/src/os/signal/signal.go:152 +0x28
stm stderr: [0mstm stderr closed
test passed.
test passed
