stm stderr: 
stm stderr: [33mNumber of goroutines before the engine is initialised: 4[0m
client thread 2 connected, waiting for others...
client thread 7 connected, waiting for others...
client thread 0 connected, waiting for others...
client thread 3 connected, waiting for others...
client thread 4 connected, waiting for others...
client thread 1 connected, waiting for others...
client thread 9 connected, waiting for others...
client thread 8 connected, waiting for others...
client thread 10 connected, waiting for others...
client thread 12 connected, waiting for others...
client thread 6 connected, waiting for others...
client thread 14 connected, waiting for others...
client thread 13 connected, waiting for others...
client thread 11 connected, waiting for others...
client thread 16 connected, waiting for others...
client thread 17 connected, waiting for others...
client thread 18 connected, waiting for others...
client thread 15 connected, waiting for others...
client thread 19 connected, waiting for others...
client thread 5 connected, waiting for others...
client thread 20 connected, waiting for others...
client thread 23 connected, waiting for others...
client thread 24 connected, waiting for others...
client thread 25 connected, waiting for others...
client thread 22 connected, waiting for others...
client thread 27 connected, waiting for others...
client thread 21 connected, waiting for others...
client thread 26 connected, waiting for others...
client thread 30 connected, waiting for others...
client thread 31 connected, waiting for others...
client thread 29 connected, waiting for others...
client thread 28 connected, waiting for others...
STM stdout: ! id: 12 timestamp: 1774666523514527000 count: 3
STM stdout: R @ 0 -> 0
STM stdout: W @ 0 -> 130
STM stdout: R @ 0 -> 130
STM stdout: ! id: 29 timestamp: 1774666523514747000 count: 3
STM stdout: R @ 0 -> 130
STM stdout: W @ 0 -> 300
STM stdout: R @ 0 -> 300
STM stdout: ! id: 28 timestamp: 1774666523514897000 count: 3
STM stdout: R @ 0 -> 300
STM stdout: W @ 0 -> 290
STM stdout: R @ 0 -> 290
STM stdout: ! id: 6 timestamp: 1774666523515019000 count: 3
STM stdout: R @ 0 -> 290
STM stdout: W @ 0 -> 70
STM stdout: R @ 0 -> 70
STM stdout: ! id: 18 timestamp: 1774666523515162000 count: 3
STM stdout: R @ 0 -> 70
STM stdout: W @ 0 -> 190
STM stdout: R @ 0 -> 190
STM stdout: ! id: 16 timestamp: 1774666523515269000 count: 3
STM stdout: R @ 0 -> 190
STM stdout: W @ 0 -> 170
STM stdout: R @ 0 -> 170
STM stdout: ! id: 10 timestamp: 1774666523515375000 count: 3
STM stdout: R @ 0 -> 170
STM stdout: W @ 0 -> 110
STM stdout: R @ 0 -> 110
STM stdout: ! id: 7 timestamp: 1774666523515485000 count: 3
STM stdout: R @ 0 -> 110
STM stdout: W @ 0 -> 80
STM stdout: R @ 0 -> 80
STM stdout: ! id: 2 timestamp: 1774666523515568000 count: 3
STM stdout: R @ 0 -> 80
STM stdout: W @ 0 -> 30
STM stdout: R @ 0 -> 30
STM stdout: ! id: 21 timestamp: 1774666523515648000 count: 3
STM stdout: R @ 0 -> 30
STM stdout: W @ 0 -> 220
STM stdout: R @ 0 -> 220
STM stdout: ! id: 23 timestamp: 1774666523515734000 count: 3
STM stdout: R @ 0 -> 220
STM stdout: W @ 0 -> 240
STM stdout: R @ 0 -> 240
STM stdout: ! id: 4 timestamp: 1774666523515835000 count: 3
STM stdout: R @ 0 -> 240
STM stdout: W @ 0 -> 50
STM stdout: R @ 0 -> 50
STM stdout: ! id: 27 timestamp: 1774666523515925000 count: 3
STM stdout: R @ 0 -> 50
STM stdout: W @ 0 -> 280
STM stdout: R @ 0 -> 280
STM stdout: ! id: 24 timestamp: 1774666523515994000 count: 3
STM stdout: R @ 0 -> 280
STM stdout: W @ 0 -> 250
STM stdout: R @ 0 -> 250
STM stdout: ! id: 0 timestamp: 1774666523516076000 count: 3
STM stdout: R @ 0 -> 250
STM stdout: W @ 0 -> 10
STM stdout: R @ 0 -> 10
STM stdout: ! id: 8 timestamp: 1774666523516146000 count: 3
STM stdout: R @ 0 -> 10
STM stdout: W @ 0 -> 90
STM stdout: R @ 0 -> 90
STM stdout: ! id: 11 timestamp: 1774666523516204000 count: 3
STM stdout: R @ 0 -> 90
STM stdout: W @ 0 -> 120
STM stdout: R @ 0 -> 120
STM stdout: ! id: 15 timestamp: 1774666523516277000 count: 3
STM stdout: R @ 0 -> 120
STM stdout: W @ 0 -> 160
STM stdout: R @ 0 -> 160
STM stdout: ! id: 26 timestamp: 1774666523516347000 count: 3
STM stdout: R @ 0 -> 160
STM stdout: W @ 0 -> 270
STM stdout: R @ 0 -> 270
STM stdout: ! id: 20 timestamp: 1774666523516398000 count: 3
STM stdout: R @ 0 -> 270
STM stdout: W @ 0 -> 210
STM stdout: R @ 0 -> 210
STM stdout: ! id: 3 timestamp: 1774666523516469000 count: 3
STM stdout: R @ 0 -> 210
STM stdout: W @ 0 -> 40
STM stdout: R @ 0 -> 40
STM stdout: ! id: 5 timestamp: 1774666523516507000 count: 3
STM stdout: R @ 0 -> 40
STM stdout: W @ 0 -> 60
STM stdout: R @ 0 -> 60
STM stdout: ! id: 25 timestamp: 1774666523516550000 count: 3
STM stdout: R @ 0 -> 60
STM stdout: W @ 0 -> 260
STM stdout: R @ 0 -> 260
STM stdout: ! id: 1 timestamp: 1774666523516587000 count: 3
STM stdout: R @ 0 -> 260
STM stdout: W @ 0 -> 20
STM stdout: R @ 0 -> 20
STM stdout: ! id: 30 timestamp: 1774666523516617000 count: 3
STM stdout: R @ 0 -> 20
STM stdout: W @ 0 -> 310
STM stdout: R @ 0 -> 310
STM stdout: ! id: 14 timestamp: 1774666523516672000 count: 3
STM stdout: R @ 0 -> 310
STM stdout: W @ 0 -> 150
STM stdout: R @ 0 -> 150
STM stdout: ! id: 22 timestamp: 1774666523516700000 count: 3
STM stdout: R @ 0 -> 150
STM stdout: W @ 0 -> 230
STM stdout: R @ 0 -> 230
STM stdout: ! id: 9 timestamp: 1774666523516727000 count: 3
STM stdout: R @ 0 -> 230
STM stdout: W @ 0 -> 100
STM stdout: R @ 0 -> 100
STM stdout: ! id: 17 timestamp: 1774666523516747000 count: 3
STM stdout: R @ 0 -> 100
STM stdout: W @ 0 -> 180
STM stdout: R @ 0 -> 180
STM stdout: ! id: 19 timestamp: 1774666523516765000 count: 3
STM stdout: R @ 0 -> 180
STM stdout: W @ 0 -> 200
STM stdout: R @ 0 -> 200
STM stdout: ! id: 13 timestamp: 1774666523516783000 count: 3
STM stdout: R @ 0 -> 200
STM stdout: W @ 0 -> 140
STM stdout: R @ 0 -> 140
STM stdout: ! id: 31 timestamp: 1774666523516811000 count: 3
STM stdout: R @ 0 -> 140
STM stdout: W @ 0 -> 320
STM stdout: R @ 0 -> 320
Checking: ! id: 12 timestamp: 1774666523514527000 count: 3
Checking: R @ 0 -> 0
Checking: W @ 0 -> 130
Checking: R @ 0 -> 130
Checking: ! id: 29 timestamp: 1774666523514747000 count: 3
Checking: R @ 0 -> 130
Checking: W @ 0 -> 300
Checking: R @ 0 -> 300
Checking: ! id: 28 timestamp: 1774666523514897000 count: 3
Checking: R @ 0 -> 300
Checking: W @ 0 -> 290
Checking: R @ 0 -> 290
Checking: ! id: 6 timestamp: 1774666523515019000 count: 3
Checking: R @ 0 -> 290
Checking: W @ 0 -> 70
Checking: R @ 0 -> 70
Checking: ! id: 18 timestamp: 1774666523515162000 count: 3
Checking: R @ 0 -> 70
Checking: W @ 0 -> 190
Checking: R @ 0 -> 190
Checking: ! id: 16 timestamp: 1774666523515269000 count: 3
Checking: R @ 0 -> 190
Checking: W @ 0 -> 170
Checking: R @ 0 -> 170
Checking: ! id: 10 timestamp: 1774666523515375000 count: 3
Checking: R @ 0 -> 170
Checking: W @ 0 -> 110
Checking: R @ 0 -> 110
Checking: ! id: 7 timestamp: 1774666523515485000 count: 3
Checking: R @ 0 -> 110
Checking: W @ 0 -> 80
Checking: R @ 0 -> 80
Checking: ! id: 2 timestamp: 1774666523515568000 count: 3
Checking: R @ 0 -> 80
Checking: W @ 0 -> 30
Checking: R @ 0 -> 30
Checking: ! id: 21 timestamp: 1774666523515648000 count: 3
Checking: R @ 0 -> 30
Checking: W @ 0 -> 220
Checking: R @ 0 -> 220
Checking: ! id: 23 timestamp: 1774666523515734000 count: 3
Checking: R @ 0 -> 220
Checking: W @ 0 -> 240
Checking: R @ 0 -> 240
Checking: ! id: 4 timestamp: 1774666523515835000 count: 3
Checking: R @ 0 -> 240
Checking: W @ 0 -> 50
Checking: R @ 0 -> 50
Checking: ! id: 27 timestamp: 1774666523515925000 count: 3
Checking: R @ 0 -> 50
Checking: W @ 0 -> 280
Checking: R @ 0 -> 280
Checking: ! id: 24 timestamp: 1774666523515994000 count: 3
Checking: R @ 0 -> 280
Checking: W @ 0 -> 250
Checking: R @ 0 -> 250
Checking: ! id: 0 timestamp: 1774666523516076000 count: 3
Checking: R @ 0 -> 250
Checking: W @ 0 -> 10
Checking: R @ 0 -> 10
Checking: ! id: 8 timestamp: 1774666523516146000 count: 3
Checking: R @ 0 -> 10
Checking: W @ 0 -> 90
Checking: R @ 0 -> 90
Checking: ! id: 11 timestamp: 1774666523516204000 count: 3
Checking: R @ 0 -> 90
Checking: W @ 0 -> 120
Checking: R @ 0 -> 120
Checking: ! id: 15 timestamp: 1774666523516277000 count: 3
Checking: R @ 0 -> 120
Checking: W @ 0 -> 160
Checking: R @ 0 -> 160
Checking: ! id: 26 timestamp: 1774666523516347000 count: 3
Checking: R @ 0 -> 160
Checking: W @ 0 -> 270
Checking: R @ 0 -> 270
Checking: ! id: 20 timestamp: 1774666523516398000 count: 3
Checking: R @ 0 -> 270
Checking: W @ 0 -> 210
Checking: R @ 0 -> 210
Checking: ! id: 3 timestamp: 1774666523516469000 count: 3
Checking: R @ 0 -> 210
Checking: W @ 0 -> 40
Checking: R @ 0 -> 40
Checking: ! id: 5 timestamp: 1774666523516507000 count: 3
Checking: R @ 0 -> 40
Checking: W @ 0 -> 60
Checking: R @ 0 -> 60
Checking: ! id: 25 timestamp: 1774666523516550000 count: 3
Checking: R @ 0 -> 60
Checking: W @ 0 -> 260
Checking: R @ 0 -> 260
Checking: ! id: 1 timestamp: 1774666523516587000 count: 3
Checking: R @ 0 -> 260
Checking: W @ 0 -> 20
Checking: R @ 0 -> 20
Checking: ! id: 30 timestamp: 1774666523516617000 count: 3
Checking: R @ 0 -> 20
Checking: W @ 0 -> 310
Checking: R @ 0 -> 310
Checking: ! id: 14 timestamp: 1774666523516672000 count: 3
Checking: R @ 0 -> 310
Checking: W @ 0 -> 150
Checking: R @ 0 -> 150
Checking: ! id: 22 timestamp: 1774666523516700000 count: 3
Checking: R @ 0 -> 150
Checking: W @ 0 -> 230
Checking: R @ 0 -> 230
Checking: ! id: 9 timestamp: 1774666523516727000 count: 3
Checking: R @ 0 -> 230
Checking: W @ 0 -> 100
Checking: R @ 0 -> 100
Checking: ! id: 17 timestamp: 1774666523516747000 count: 3
Checking: R @ 0 -> 100
Checking: W @ 0 -> 180
Checking: R @ 0 -> 180
Checking: ! id: 19 timestamp: 1774666523516765000 count: 3
Checking: R @ 0 -> 180
Checking: W @ 0 -> 200
Checking: R @ 0 -> 200
Checking: ! id: 13 timestamp: 1774666523516783000 count: 3
Checking: R @ 0 -> 200
Checking: W @ 0 -> 140
Checking: R @ 0 -> 140
Checking: ! id: 31 timestamp: 1774666523516811000 count: 3
Checking: R @ 0 -> 140
Checking: W @ 0 -> 320
Checking: R @ 0 -> 320
stm stderr: 
stm stderr: [33mNumber of goroutines after the engine is shutdown: 2[0m
stm stderr: [32mgoroutine 1 [running]:
stm stderr: main.main()
stm stderr: 	/Users/kenji/Documents/Y3S2/CS3211/cs3211-a2-a2_a0276238w_a0286456n/main/main.go:83 +0x498
stm stderr: 
stm stderr: goroutine 34 [syscall]:
stm stderr: os/signal.signal_recv()
stm stderr: 	/usr/local/go/src/runtime/sigqueue.go:149 +0x108
stm stderr: os/signal.loop()
stm stderr: 	/usr/local/go/src/os/signal/signal_unix.go:23 +0x1c
stm stderr: created by os/signal.Notify.func1.1 in goroutine 7
stm stderr: 	/usr/local/go/src/os/signal/signal.go:152 +0x28
stm stderr: [0mstm stderr closed
test passed.
test passed
