stm stderr: 
stm stderr: [33mNumber of goroutines before the engine is initialised: 4[0m
client thread 0 connected, waiting for others...
client thread 1 connected, waiting for others...
STM stdout: ! id: 1 timestamp: 1774666491113532000 count: 32
STM stdout: W @ 10 -> 1
STM stdout: W @ 11 -> 2
STM stdout: W @ 12 -> 3
STM stdout: W @ 13 -> 4
STM stdout: W @ 14 -> 5
STM stdout: W @ 15 -> 6
STM stdout: W @ 16 -> 7
STM stdout: W @ 17 -> 8
STM stdout: W @ 18 -> 9
STM stdout: W @ 19 -> 10
STM stdout: W @ 20 -> 11
STM stdout: W @ 21 -> 12
STM stdout: W @ 22 -> 13
STM stdout: W @ 23 -> 14
STM stdout: W @ 24 -> 15
STM stdout: W @ 25 -> 16
STM stdout: R @ 10 -> 1
STM stdout: R @ 11 -> 2
STM stdout: R @ 12 -> 3
STM stdout: R @ 13 -> 4
STM stdout: R @ 14 -> 5
STM stdout: R @ 15 -> 6
STM stdout: R @ 16 -> 7
STM stdout: R @ 17 -> 8
STM stdout: R @ 18 -> 9
STM stdout: R @ 19 -> 10
STM stdout: R @ 20 -> 11
STM stdout: R @ 21 -> 12
STM stdout: R @ 22 -> 13
STM stdout: R @ 23 -> 14
STM stdout: R @ 24 -> 15
STM stdout: R @ 25 -> 16
Checking: ! id: 1 timestamp: 1774666491113532000 count: 32
Checking: W @ 10 -> 1
Checking: W @ 11 -> 2
Checking: W @ 12 -> 3
Checking: W @ 13 -> 4
Checking: W @ 14 -> 5
Checking: W @ 15 -> 6
Checking: W @ 16 -> 7
Checking: W @ 17 -> 8
Checking: W @ 18 -> 9
Checking: W @ 19 -> 10
Checking: W @ 20 -> 11
Checking: W @ 21 -> 12
Checking: W @ 22 -> 13
Checking: W @ 23 -> 14
Checking: W @ 24 -> 15
Checking: W @ 25 -> 16
Checking: R @ 10 -> 1
Checking: R @ 11 -> 2
Checking: R @ 12 -> 3
Checking: R @ 13 -> 4
Checking: R @ 14 -> 5
Checking: R @ 15 -> 6
Checking: R @ 16 -> 7
Checking: R @ 17 -> 8
Checking: R @ 18 -> 9
Checking: R @ 19 -> 10
Checking: R @ 20 -> 11
Checking: R @ 21 -> 12
Checking: R @ 22 -> 13
Checking: R @ 23 -> 14
Checking: R @ 24 -> 15
Checking: R @ 25 -> 16
stm stderr: 
stm stderr: [33mNumber of goroutines after the engine is shutdown: 2[0m
stm stderr: [32mgoroutine 1 [running]:
stm stderr: main.main()
stm stderr: 	/Users/kenji/Documents/Y3S2/CS3211/cs3211-a2-a2_a0276238w_a0286456n/main/main.go:83 +0x498
stm stderr: 
stm stderr: goroutine 34 [syscall]:
stm stderr: os/signal.signal_recv()
stm stderr: 	/usr/local/go/src/runtime/sigqueue.go:149 +0x108
stm stderr: os/signal.loop()
stm stderr: 	/usr/local/go/src/os/signal/signal_unix.go:23 +0x1c
stm stderr: created by os/signal.Notify.func1.1 in goroutine 7
stm stderr: 	/usr/local/go/src/os/signal/signal.go:152 +0x28
stm stderr: [0mstm stderr closed
test passed.
test passed
