stm stderr: 
stm stderr: [33mNumber of goroutines before the engine is initialised: 4[0m
client thread 0 connected, waiting for others...
STM stdout: ! id: 0 timestamp: 1774666555266977000 count: 4
STM stdout: W @ 108 -> 86
STM stdout: R @ 164 -> 0
STM stdout: W @ 70 -> 90
STM stdout: W @ 16 -> 93
STM stdout: ! id: 1 timestamp: 1774666555267119000 count: 11
STM stdout: R @ 143 -> 0
STM stdout: W @ 233 -> 79
STM stdout: R @ 25 -> 0
STM stdout: R @ 114 -> 0
STM stdout: W @ 195 -> 96
STM stdout: R @ 102 -> 0
STM stdout: R @ 16 -> 93
STM stdout: W @ 175 -> 9
STM stdout: R @ 250 -> 0
STM stdout: R @ 181 -> 0
STM stdout: W @ 159 -> 28
STM stdout: ! id: 2 timestamp: 1774666555267228000 count: 6
STM stdout: R @ 238 -> 0
STM stdout: R @ 3 -> 0
STM stdout: R @ 73 -> 0
STM stdout: W @ 205 -> 64
STM stdout: R @ 8 -> 0
STM stdout: R @ 117 -> 0
STM stdout: ! id: 3 timestamp: 1774666555267298000 count: 6
STM stdout: R @ 242 -> 0
STM stdout: R @ 189 -> 0
STM stdout: W @ 25 -> 75
STM stdout: W @ 26 -> 88
STM stdout: R @ 139 -> 0
STM stdout: R @ 247 -> 0
STM stdout: ! id: 4 timestamp: 1774666555267378000 count: 9
STM stdout: R @ 88 -> 0
STM stdout: W @ 135 -> 1
STM stdout: W @ 2 -> 32
STM stdout: W @ 236 -> 94
STM stdout: R @ 209 -> 0
STM stdout: W @ 151 -> 64
STM stdout: R @ 222 -> 0
STM stdout: R @ 18 -> 0
STM stdout: R @ 178 -> 0
STM stdout: ! id: 5 timestamp: 1774666555267478000 count: 7
STM stdout: R @ 137 -> 0
STM stdout: R @ 208 -> 0
STM stdout: R @ 10 -> 0
STM stdout: R @ 161 -> 0
STM stdout: R @ 85 -> 0
STM stdout: W @ 252 -> 41
STM stdout: R @ 5 -> 0
STM stdout: ! id: 6 timestamp: 1774666555267527000 count: 4
STM stdout: W @ 1 -> 24
STM stdout: W @ 109 -> 57
STM stdout: R @ 183 -> 0
STM stdout: R @ 123 -> 0
STM stdout: ! id: 7 timestamp: 1774666555267603000 count: 9
STM stdout: W @ 11 -> 87
STM stdout: R @ 224 -> 0
STM stdout: W @ 144 -> 27
STM stdout: R @ 178 -> 0
STM stdout: R @ 30 -> 0
STM stdout: R @ 50 -> 0
STM stdout: W @ 182 -> 79
STM stdout: W @ 12 -> 65
STM stdout: W @ 209 -> 94
STM stdout: ! id: 8 timestamp: 1774666555267678000 count: 8
STM stdout: W @ 25 -> 27
STM stdout: R @ 175 -> 9
STM stdout: R @ 155 -> 0
STM stdout: W @ 1 -> 48
STM stdout: R @ 213 -> 0
STM stdout: R @ 221 -> 0
STM stdout: R @ 244 -> 0
STM stdout: R @ 9 -> 0
STM stdout: ! id: 9 timestamp: 1774666555267749000 count: 9
STM stdout: W @ 24 -> 57
STM stdout: W @ 219 -> 73
STM stdout: W @ 66 -> 6
STM stdout: R @ 140 -> 0
STM stdout: R @ 4 -> 0
STM stdout: W @ 208 -> 69
STM stdout: R @ 114 -> 0
STM stdout: W @ 42 -> 21
STM stdout: R @ 111 -> 0
STM stdout: ! id: 10 timestamp: 1774666555267832000 count: 10
STM stdout: R @ 63 -> 0
STM stdout: R @ 179 -> 0
STM stdout: R @ 41 -> 0
STM stdout: R @ 120 -> 0
STM stdout: R @ 148 -> 0
STM stdout: W @ 19 -> 61
STM stdout: R @ 152 -> 0
STM stdout: R @ 21 -> 0
STM stdout: W @ 109 -> 18
STM stdout: W @ 195 -> 60
STM stdout: ! id: 11 timestamp: 1774666555267923000 count: 9
STM stdout: R @ 98 -> 0
STM stdout: W @ 174 -> 96
STM stdout: R @ 91 -> 0
STM stdout: R @ 15 -> 0
STM stdout: W @ 220 -> 84
STM stdout: R @ 122 -> 0
STM stdout: W @ 226 -> 82
STM stdout: R @ 3 -> 0
STM stdout: W @ 31 -> 83
STM stdout: ! id: 12 timestamp: 1774666555267986000 count: 5
STM stdout: W @ 94 -> 89
STM stdout: R @ 183 -> 0
STM stdout: W @ 51 -> 33
STM stdout: R @ 74 -> 0
STM stdout: R @ 4 -> 0
STM stdout: ! id: 13 timestamp: 1774666555268045000 count: 8
STM stdout: R @ 225 -> 0
STM stdout: R @ 188 -> 0
STM stdout: R @ 165 -> 0
STM stdout: W @ 246 -> 83
STM stdout: R @ 91 -> 0
STM stdout: R @ 90 -> 0
STM stdout: W @ 60 -> 87
STM stdout: R @ 9 -> 0
STM stdout: ! id: 14 timestamp: 1774666555268105000 count: 5
STM stdout: W @ 11 -> 97
STM stdout: R @ 23 -> 0
STM stdout: W @ 166 -> 98
STM stdout: W @ 81 -> 97
STM stdout: R @ 119 -> 0
STM stdout: ! id: 15 timestamp: 1774666555268175000 count: 8
STM stdout: R @ 19 -> 61
STM stdout: W @ 89 -> 14
STM stdout: W @ 28 -> 34
STM stdout: R @ 54 -> 0
STM stdout: R @ 236 -> 94
STM stdout: R @ 18 -> 0
STM stdout: R @ 142 -> 0
STM stdout: W @ 73 -> 56
STM stdout: ! id: 16 timestamp: 1774666555268257000 count: 12
STM stdout: R @ 210 -> 0
STM stdout: R @ 195 -> 60
STM stdout: W @ 152 -> 44
STM stdout: W @ 99 -> 29
STM stdout: R @ 137 -> 0
STM stdout: W @ 46 -> 52
STM stdout: R @ 215 -> 0
STM stdout: W @ 198 -> 60
STM stdout: W @ 7 -> 30
STM stdout: R @ 155 -> 0
STM stdout: R @ 179 -> 0
STM stdout: R @ 41 -> 0
STM stdout: ! id: 17 timestamp: 1774666555268319000 count: 4
STM stdout: W @ 219 -> 95
STM stdout: R @ 157 -> 0
STM stdout: W @ 9 -> 88
STM stdout: R @ 105 -> 0
STM stdout: ! id: 18 timestamp: 1774666555268368000 count: 7
STM stdout: W @ 154 -> 100
STM stdout: W @ 81 -> 84
STM stdout: R @ 12 -> 65
STM stdout: W @ 5 -> 25
STM stdout: W @ 222 -> 62
STM stdout: R @ 160 -> 0
STM stdout: R @ 146 -> 0
STM stdout: ! id: 19 timestamp: 1774666555268446000 count: 10
STM stdout: W @ 62 -> 58
STM stdout: R @ 156 -> 0
STM stdout: W @ 231 -> 6
STM stdout: R @ 122 -> 0
STM stdout: W @ 21 -> 35
STM stdout: R @ 252 -> 41
STM stdout: W @ 218 -> 69
STM stdout: W @ 198 -> 51
STM stdout: R @ 8 -> 0
STM stdout: R @ 231 -> 6
STM stdout: ! id: 20 timestamp: 1774666555268525000 count: 11
STM stdout: W @ 156 -> 21
STM stdout: W @ 224 -> 98
STM stdout: R @ 212 -> 0
STM stdout: W @ 111 -> 48
STM stdout: R @ 22 -> 0
STM stdout: W @ 28 -> 12
STM stdout: W @ 181 -> 18
STM stdout: R @ 71 -> 0
STM stdout: W @ 188 -> 83
STM stdout: R @ 114 -> 0
STM stdout: W @ 0 -> 38
STM stdout: ! id: 21 timestamp: 1774666555268572000 count: 4
STM stdout: R @ 62 -> 58
STM stdout: W @ 5 -> 28
STM stdout: R @ 19 -> 61
STM stdout: R @ 195 -> 60
STM stdout: ! id: 22 timestamp: 1774666555268627000 count: 9
STM stdout: R @ 80 -> 0
STM stdout: R @ 29 -> 0
STM stdout: W @ 165 -> 24
STM stdout: R @ 21 -> 35
STM stdout: W @ 30 -> 13
STM stdout: W @ 180 -> 82
STM stdout: W @ 21 -> 93
STM stdout: R @ 147 -> 0
STM stdout: W @ 192 -> 78
STM stdout: ! id: 23 timestamp: 1774666555268699000 count: 9
STM stdout: R @ 17 -> 0
STM stdout: W @ 237 -> 7
STM stdout: R @ 131 -> 0
STM stdout: R @ 177 -> 0
STM stdout: R @ 74 -> 0
STM stdout: R @ 77 -> 0
STM stdout: W @ 30 -> 74
STM stdout: W @ 183 -> 24
STM stdout: R @ 59 -> 0
STM stdout: ! id: 24 timestamp: 1774666555268769000 count: 7
STM stdout: W @ 205 -> 77
STM stdout: R @ 189 -> 0
STM stdout: W @ 17 -> 9
STM stdout: W @ 202 -> 59
STM stdout: W @ 66 -> 30
STM stdout: R @ 27 -> 0
STM stdout: W @ 17 -> 96
STM stdout: ! id: 25 timestamp: 1774666555268810000 count: 4
STM stdout: R @ 28 -> 12
STM stdout: W @ 51 -> 47
STM stdout: R @ 192 -> 78
STM stdout: W @ 175 -> 74
STM stdout: ! id: 26 timestamp: 1774666555268856000 count: 5
STM stdout: R @ 79 -> 0
STM stdout: R @ 168 -> 0
STM stdout: R @ 97 -> 0
STM stdout: R @ 40 -> 0
STM stdout: W @ 231 -> 94
STM stdout: ! id: 27 timestamp: 1774666555268926000 count: 10
STM stdout: R @ 135 -> 1
STM stdout: R @ 84 -> 0
STM stdout: R @ 169 -> 0
STM stdout: W @ 65 -> 57
STM stdout: W @ 16 -> 66
STM stdout: R @ 187 -> 0
STM stdout: R @ 63 -> 0
STM stdout: R @ 120 -> 0
STM stdout: R @ 71 -> 0
STM stdout: W @ 14 -> 83
STM stdout: ! id: 28 timestamp: 1774666555269029000 count: 11
STM stdout: R @ 22 -> 0
STM stdout: R @ 39 -> 0
STM stdout: R @ 189 -> 0
STM stdout: R @ 65 -> 57
STM stdout: R @ 133 -> 0
STM stdout: W @ 145 -> 26
STM stdout: R @ 92 -> 0
STM stdout: R @ 238 -> 0
STM stdout: R @ 16 -> 66
STM stdout: R @ 120 -> 0
STM stdout: W @ 55 -> 81
Checking: ! id: 0 timestamp: 1774666555266977000 count: 4
Checking: W @ 108 -> 86
Checking: R @ 164 -> 0
Checking: W @ 70 -> 90
Checking: W @ 16 -> 93
Checking: ! id: 1 timestamp: 1774666555267119000 count: 11
Checking: R @ 143 -> 0
Checking: W @ 233 -> 79
Checking: R @ 25 -> 0
Checking: R @ 114 -> 0
Checking: W @ 195 -> 96
Checking: R @ 102 -> 0
Checking: R @ 16 -> 93
Checking: W @ 175 -> 9
Checking: R @ 250 -> 0
Checking: R @ 181 -> 0
Checking: W @ 159 -> 28
Checking: ! id: 2 timestamp: 1774666555267228000 count: 6
Checking: R @ 238 -> 0
Checking: R @ 3 -> 0
Checking: R @ 73 -> 0
Checking: W @ 205 -> 64
Checking: R @ 8 -> 0
Checking: R @ 117 -> 0
Checking: ! id: 3 timestamp: 1774666555267298000 count: 6
Checking: R @ 242 -> 0
Checking: R @ 189 -> 0
Checking: W @ 25 -> 75
Checking: W @ 26 -> 88
Checking: R @ 139 -> 0
Checking: R @ 247 -> 0
Checking: ! id: 4 timestamp: 1774666555267378000 count: 9
Checking: R @ 88 -> 0
Checking: W @ 135 -> 1
Checking: W @ 2 -> 32
Checking: W @ 236 -> 94
Checking: R @ 209 -> 0
Checking: W @ 151 -> 64
Checking: R @ 222 -> 0
Checking: R @ 18 -> 0
Checking: R @ 178 -> 0
Checking: ! id: 5 timestamp: 1774666555267478000 count: 7
Checking: R @ 137 -> 0
Checking: R @ 208 -> 0
Checking: R @ 10 -> 0
Checking: R @ 161 -> 0
Checking: R @ 85 -> 0
Checking: W @ 252 -> 41
Checking: R @ 5 -> 0
Checking: ! id: 6 timestamp: 1774666555267527000 count: 4
Checking: W @ 1 -> 24
Checking: W @ 109 -> 57
Checking: R @ 183 -> 0
Checking: R @ 123 -> 0
Checking: ! id: 7 timestamp: 1774666555267603000 count: 9
Checking: W @ 11 -> 87
Checking: R @ 224 -> 0
Checking: W @ 144 -> 27
Checking: R @ 178 -> 0
Checking: R @ 30 -> 0
Checking: R @ 50 -> 0
Checking: W @ 182 -> 79
Checking: W @ 12 -> 65
Checking: W @ 209 -> 94
Checking: ! id: 8 timestamp: 1774666555267678000 count: 8
Checking: W @ 25 -> 27
Checking: R @ 175 -> 9
Checking: R @ 155 -> 0
Checking: W @ 1 -> 48
Checking: R @ 213 -> 0
Checking: R @ 221 -> 0
Checking: R @ 244 -> 0
Checking: R @ 9 -> 0
Checking: ! id: 9 timestamp: 1774666555267749000 count: 9
Checking: W @ 24 -> 57
Checking: W @ 219 -> 73
Checking: W @ 66 -> 6
Checking: R @ 140 -> 0
Checking: R @ 4 -> 0
Checking: W @ 208 -> 69
Checking: R @ 114 -> 0
Checking: W @ 42 -> 21
Checking: R @ 111 -> 0
Checking: ! id: 10 timestamp: 1774666555267832000 count: 10
Checking: R @ 63 -> 0
Checking: R @ 179 -> 0
Checking: R @ 41 -> 0
Checking: R @ 120 -> 0
Checking: R @ 148 -> 0
Checking: W @ 19 -> 61
Checking: R @ 152 -> 0
Checking: R @ 21 -> 0
Checking: W @ 109 -> 18
Checking: W @ 195 -> 60
Checking: ! id: 11 timestamp: 1774666555267923000 count: 9
Checking: R @ 98 -> 0
Checking: W @ 174 -> 96
Checking: R @ 91 -> 0
Checking: R @ 15 -> 0
Checking: W @ 220 -> 84
Checking: R @ 122 -> 0
Checking: W @ 226 -> 82
Checking: R @ 3 -> 0
Checking: W @ 31 -> 83
Checking: ! id: 12 timestamp: 1774666555267986000 count: 5
Checking: W @ 94 -> 89
Checking: R @ 183 -> 0
Checking: W @ 51 -> 33
Checking: R @ 74 -> 0
Checking: R @ 4 -> 0
Checking: ! id: 13 timestamp: 1774666555268045000 count: 8
Checking: R @ 225 -> 0
Checking: R @ 188 -> 0
Checking: R @ 165 -> 0
Checking: W @ 246 -> 83
Checking: R @ 91 -> 0
Checking: R @ 90 -> 0
Checking: W @ 60 -> 87
Checking: R @ 9 -> 0
Checking: ! id: 14 timestamp: 1774666555268105000 count: 5
Checking: W @ 11 -> 97
Checking: R @ 23 -> 0
Checking: W @ 166 -> 98
Checking: W @ 81 -> 97
Checking: R @ 119 -> 0
Checking: ! id: 15 timestamp: 1774666555268175000 count: 8
Checking: R @ 19 -> 61
Checking: W @ 89 -> 14
Checking: W @ 28 -> 34
Checking: R @ 54 -> 0
Checking: R @ 236 -> 94
Checking: R @ 18 -> 0
Checking: R @ 142 -> 0
Checking: W @ 73 -> 56
Checking: ! id: 16 timestamp: 1774666555268257000 count: 12
Checking: R @ 210 -> 0
Checking: R @ 195 -> 60
Checking: W @ 152 -> 44
Checking: W @ 99 -> 29
Checking: R @ 137 -> 0
Checking: W @ 46 -> 52
Checking: R @ 215 -> 0
Checking: W @ 198 -> 60
Checking: W @ 7 -> 30
Checking: R @ 155 -> 0
Checking: R @ 179 -> 0
Checking: R @ 41 -> 0
Checking: ! id: 17 timestamp: 1774666555268319000 count: 4
Checking: W @ 219 -> 95
Checking: R @ 157 -> 0
Checking: W @ 9 -> 88
Checking: R @ 105 -> 0
Checking: ! id: 18 timestamp: 1774666555268368000 count: 7
Checking: W @ 154 -> 100
Checking: W @ 81 -> 84
Checking: R @ 12 -> 65
Checking: W @ 5 -> 25
Checking: W @ 222 -> 62
Checking: R @ 160 -> 0
Checking: R @ 146 -> 0
Checking: ! id: 19 timestamp: 1774666555268446000 count: 10
Checking: W @ 62 -> 58
Checking: R @ 156 -> 0
Checking: W @ 231 -> 6
Checking: R @ 122 -> 0
Checking: W @ 21 -> 35
Checking: R @ 252 -> 41
Checking: W @ 218 -> 69
Checking: W @ 198 -> 51
Checking: R @ 8 -> 0
Checking: R @ 231 -> 6
Checking: ! id: 20 timestamp: 1774666555268525000 count: 11
Checking: W @ 156 -> 21
Checking: W @ 224 -> 98
Checking: R @ 212 -> 0
Checking: W @ 111 -> 48
Checking: R @ 22 -> 0
Checking: W @ 28 -> 12
Checking: W @ 181 -> 18
Checking: R @ 71 -> 0
Checking: W @ 188 -> 83
Checking: R @ 114 -> 0
Checking: W @ 0 -> 38
Checking: ! id: 21 timestamp: 1774666555268572000 count: 4
Checking: R @ 62 -> 58
Checking: W @ 5 -> 28
Checking: R @ 19 -> 61
Checking: R @ 195 -> 60
Checking: ! id: 22 timestamp: 1774666555268627000 count: 9
Checking: R @ 80 -> 0
Checking: R @ 29 -> 0
Checking: W @ 165 -> 24
Checking: R @ 21 -> 35
Checking: W @ 30 -> 13
Checking: W @ 180 -> 82
Checking: W @ 21 -> 93
Checking: R @ 147 -> 0
Checking: W @ 192 -> 78
Checking: ! id: 23 timestamp: 1774666555268699000 count: 9
Checking: R @ 17 -> 0
Checking: W @ 237 -> 7
Checking: R @ 131 -> 0
Checking: R @ 177 -> 0
Checking: R @ 74 -> 0
Checking: R @ 77 -> 0
Checking: W @ 30 -> 74
Checking: W @ 183 -> 24
Checking: R @ 59 -> 0
Checking: ! id: 24 timestamp: 1774666555268769000 count: 7
Checking: W @ 205 -> 77
Checking: R @ 189 -> 0
Checking: W @ 17 -> 9
Checking: W @ 202 -> 59
Checking: W @ 66 -> 30
Checking: R @ 27 -> 0
Checking: W @ 17 -> 96
Checking: ! id: 25 timestamp: 1774666555268810000 count: 4
Checking: R @ 28 -> 12
Checking: W @ 51 -> 47
Checking: R @ 192 -> 78
Checking: W @ 175 -> 74
Checking: ! id: 26 timestamp: 1774666555268856000 count: 5
Checking: R @ 79 -> 0
Checking: R @ 168 -> 0
Checking: R @ 97 -> 0
Checking: R @ 40 -> 0
Checking: W @ 231 -> 94
Checking: ! id: 27 timestamp: 1774666555268926000 count: 10
Checking: R @ 135 -> 1
Checking: R @ 84 -> 0
Checking: R @ 169 -> 0
Checking: W @ 65 -> 57
Checking: W @ 16 -> 66
Checking: R @ 187 -> 0
Checking: R @ 63 -> 0
Checking: R @ 120 -> 0
Checking: R @ 71 -> 0
Checking: W @ 14 -> 83
Checking: ! id: 28 timestamp: 1774666555269029000 count: 11
Checking: R @ 22 -> 0
Checking: R @ 39 -> 0
Checking: R @ 189 -> 0
Checking: R @ 65 -> 57
Checking: R @ 133 -> 0
Checking: W @ 145 -> 26
Checking: R @ 92 -> 0
Checking: R @ 238 -> 0
Checking: R @ 16 -> 66
Checking: R @ 120 -> 0
Checking: W @ 55 -> 81
stm stderr: 
stm stderr: [33mNumber of goroutines after the engine is shutdown: 2[0m
stm stderr: [32mgoroutine 1 [running]:
stm stderr: main.main()
stm stderr: 	/Users/kenji/Documents/Y3S2/CS3211/cs3211-a2-a2_a0276238w_a0286456n/main/main.go:83 +0x498
stm stderr: 
stm stderr: goroutine 50 [syscall]:
stm stderr: os/signal.signal_recv()
stm stderr: 	/usr/local/go/src/runtime/sigqueue.go:149 +0x108
stm stderr: os/signal.loop()
stm stderr: 	/usr/local/go/src/os/signal/signal_unix.go:23 +0x1c
stm stderr: created by os/signal.Notify.func1.1 in goroutine 20
stm stderr: 	/usr/local/go/src/os/signal/signal.go:152 +0x28
stm stderr: [0mstm stderr closed
test passed.
test passed
