stm stderr: 
stm stderr: [33mNumber of goroutines before the engine is initialised: 4[0m
client thread 0 connected, waiting for others...
STM stdout: ! id: 0 timestamp: 1774666573399333000 count: 11
STM stdout: R @ 176 -> 0
STM stdout: R @ 62 -> 0
STM stdout: R @ 29 -> 0
STM stdout: R @ 247 -> 0
STM stdout: W @ 164 -> 54
STM stdout: W @ 131 -> 12
STM stdout: R @ 100 -> 0
STM stdout: W @ 35 -> 53
STM stdout: R @ 170 -> 0
STM stdout: R @ 20 -> 0
STM stdout: R @ 214 -> 0
STM stdout: ! id: 1 timestamp: 1774666573399492000 count: 12
STM stdout: R @ 45 -> 0
STM stdout: W @ 185 -> 28
STM stdout: W @ 17 -> 68
STM stdout: W @ 155 -> 91
STM stdout: R @ 22 -> 0
STM stdout: W @ 220 -> 42
STM stdout: R @ 38 -> 0
STM stdout: R @ 144 -> 0
STM stdout: R @ 84 -> 0
STM stdout: W @ 126 -> 88
STM stdout: R @ 68 -> 0
STM stdout: R @ 91 -> 0
STM stdout: ! id: 2 timestamp: 1774666573399593000 count: 6
STM stdout: R @ 89 -> 0
STM stdout: W @ 155 -> 4
STM stdout: R @ 183 -> 0
STM stdout: W @ 151 -> 88
STM stdout: R @ 21 -> 0
STM stdout: R @ 25 -> 0
STM stdout: ! id: 3 timestamp: 1774666573399661000 count: 6
STM stdout: R @ 94 -> 0
STM stdout: R @ 222 -> 0
STM stdout: R @ 49 -> 0
STM stdout: W @ 67 -> 22
STM stdout: W @ 61 -> 78
STM stdout: W @ 195 -> 77
STM stdout: ! id: 4 timestamp: 1774666573399735000 count: 9
STM stdout: R @ 123 -> 0
STM stdout: R @ 253 -> 0
STM stdout: R @ 155 -> 4
STM stdout: W @ 5 -> 78
STM stdout: R @ 145 -> 0
STM stdout: R @ 9 -> 0
STM stdout: R @ 16 -> 0
STM stdout: R @ 32 -> 0
STM stdout: R @ 176 -> 0
STM stdout: ! id: 5 timestamp: 1774666573399841000 count: 10
STM stdout: R @ 127 -> 0
STM stdout: W @ 152 -> 37
STM stdout: R @ 125 -> 0
STM stdout: R @ 0 -> 0
STM stdout: W @ 99 -> 10
STM stdout: R @ 203 -> 0
STM stdout: W @ 69 -> 59
STM stdout: W @ 164 -> 25
STM stdout: W @ 182 -> 55
STM stdout: R @ 203 -> 0
STM stdout: ! id: 6 timestamp: 1774666573399979000 count: 11
STM stdout: R @ 29 -> 0
STM stdout: R @ 23 -> 0
STM stdout: R @ 214 -> 0
STM stdout: R @ 71 -> 0
STM stdout: R @ 119 -> 0
STM stdout: R @ 17 -> 68
STM stdout: R @ 30 -> 0
STM stdout: W @ 219 -> 32
STM stdout: R @ 114 -> 0
STM stdout: R @ 136 -> 0
STM stdout: R @ 100 -> 0
STM stdout: ! id: 7 timestamp: 1774666573400063000 count: 9
STM stdout: R @ 110 -> 0
STM stdout: W @ 130 -> 53
STM stdout: R @ 11 -> 0
STM stdout: R @ 96 -> 0
STM stdout: R @ 220 -> 42
STM stdout: R @ 0 -> 0
STM stdout: W @ 214 -> 73
STM stdout: R @ 61 -> 78
STM stdout: R @ 154 -> 0
STM stdout: ! id: 8 timestamp: 1774666573400140000 count: 9
STM stdout: R @ 191 -> 0
STM stdout: W @ 193 -> 44
STM stdout: R @ 125 -> 0
STM stdout: R @ 5 -> 78
STM stdout: R @ 136 -> 0
STM stdout: W @ 25 -> 90
STM stdout: R @ 170 -> 0
STM stdout: W @ 79 -> 30
STM stdout: R @ 126 -> 88
STM stdout: ! id: 9 timestamp: 1774666573400221000 count: 12
STM stdout: W @ 15 -> 41
STM stdout: W @ 114 -> 40
STM stdout: W @ 61 -> 47
STM stdout: R @ 168 -> 0
STM stdout: R @ 61 -> 47
STM stdout: R @ 29 -> 0
STM stdout: R @ 124 -> 0
STM stdout: W @ 18 -> 27
STM stdout: R @ 90 -> 0
STM stdout: R @ 34 -> 0
STM stdout: W @ 248 -> 43
STM stdout: W @ 195 -> 25
STM stdout: ! id: 10 timestamp: 1774666573400290000 count: 7
STM stdout: W @ 75 -> 90
STM stdout: R @ 229 -> 0
STM stdout: R @ 91 -> 0
STM stdout: R @ 241 -> 0
STM stdout: R @ 21 -> 0
STM stdout: W @ 84 -> 89
STM stdout: W @ 86 -> 76
STM stdout: ! id: 11 timestamp: 1774666573400333000 count: 3
STM stdout: W @ 208 -> 20
STM stdout: W @ 31 -> 21
STM stdout: R @ 240 -> 0
STM stdout: ! id: 12 timestamp: 1774666573400369000 count: 5
STM stdout: W @ 55 -> 50
STM stdout: W @ 128 -> 87
STM stdout: W @ 26 -> 33
STM stdout: R @ 108 -> 0
STM stdout: R @ 5 -> 78
STM stdout: ! id: 13 timestamp: 1774666573400401000 count: 4
STM stdout: R @ 5 -> 78
STM stdout: W @ 19 -> 93
STM stdout: W @ 128 -> 84
STM stdout: R @ 85 -> 0
STM stdout: ! id: 14 timestamp: 1774666573400442000 count: 5
STM stdout: R @ 190 -> 0
STM stdout: W @ 15 -> 18
STM stdout: R @ 22 -> 0
STM stdout: R @ 119 -> 0
STM stdout: R @ 12 -> 0
STM stdout: ! id: 15 timestamp: 1774666573400476000 count: 3
STM stdout: R @ 33 -> 0
STM stdout: R @ 28 -> 0
STM stdout: W @ 139 -> 39
STM stdout: ! id: 16 timestamp: 1774666573400505000 count: 3
STM stdout: W @ 248 -> 17
STM stdout: R @ 2 -> 0
STM stdout: R @ 110 -> 0
STM stdout: ! id: 17 timestamp: 1774666573400545000 count: 6
STM stdout: W @ 244 -> 12
STM stdout: R @ 243 -> 0
STM stdout: R @ 55 -> 50
STM stdout: R @ 3 -> 0
STM stdout: W @ 110 -> 55
STM stdout: R @ 209 -> 0
STM stdout: ! id: 18 timestamp: 1774666573400625000 count: 12
STM stdout: W @ 8 -> 75
STM stdout: R @ 41 -> 0
STM stdout: R @ 159 -> 0
STM stdout: R @ 41 -> 0
STM stdout: W @ 64 -> 20
STM stdout: R @ 134 -> 0
STM stdout: R @ 213 -> 0
STM stdout: W @ 55 -> 45
STM stdout: R @ 82 -> 0
STM stdout: R @ 205 -> 0
STM stdout: R @ 21 -> 0
STM stdout: W @ 75 -> 30
STM stdout: ! id: 19 timestamp: 1774666573400672000 count: 5
STM stdout: R @ 140 -> 0
STM stdout: R @ 166 -> 0
STM stdout: W @ 62 -> 56
STM stdout: W @ 100 -> 31
STM stdout: R @ 37 -> 0
STM stdout: ! id: 20 timestamp: 1774666573400707000 count: 5
STM stdout: R @ 97 -> 0
STM stdout: R @ 11 -> 0
STM stdout: R @ 138 -> 0
STM stdout: W @ 13 -> 86
STM stdout: R @ 218 -> 0
STM stdout: ! id: 21 timestamp: 1774666573400757000 count: 6
STM stdout: R @ 136 -> 0
STM stdout: R @ 162 -> 0
STM stdout: R @ 81 -> 0
STM stdout: R @ 181 -> 0
STM stdout: R @ 245 -> 0
STM stdout: R @ 105 -> 0
STM stdout: ! id: 22 timestamp: 1774666573400841000 count: 12
STM stdout: R @ 227 -> 0
STM stdout: R @ 116 -> 0
STM stdout: W @ 196 -> 89
STM stdout: R @ 14 -> 0
STM stdout: R @ 84 -> 89
STM stdout: W @ 231 -> 74
STM stdout: R @ 26 -> 33
STM stdout: R @ 29 -> 0
STM stdout: W @ 192 -> 0
STM stdout: R @ 158 -> 0
STM stdout: R @ 24 -> 0
STM stdout: R @ 75 -> 30
STM stdout: ! id: 23 timestamp: 1774666573400901000 count: 6
STM stdout: R @ 42 -> 0
STM stdout: R @ 232 -> 0
STM stdout: R @ 229 -> 0
STM stdout: W @ 109 -> 64
STM stdout: R @ 77 -> 0
STM stdout: R @ 203 -> 0
STM stdout: ! id: 24 timestamp: 1774666573400962000 count: 9
STM stdout: R @ 182 -> 55
STM stdout: R @ 135 -> 0
STM stdout: W @ 89 -> 56
STM stdout: R @ 108 -> 0
STM stdout: R @ 63 -> 0
STM stdout: R @ 238 -> 0
STM stdout: W @ 66 -> 15
STM stdout: W @ 27 -> 57
STM stdout: W @ 216 -> 30
Checking: ! id: 0 timestamp: 1774666573399333000 count: 11
Checking: R @ 176 -> 0
Checking: R @ 62 -> 0
Checking: R @ 29 -> 0
Checking: R @ 247 -> 0
Checking: W @ 164 -> 54
Checking: W @ 131 -> 12
Checking: R @ 100 -> 0
Checking: W @ 35 -> 53
Checking: R @ 170 -> 0
Checking: R @ 20 -> 0
Checking: R @ 214 -> 0
Checking: ! id: 1 timestamp: 1774666573399492000 count: 12
Checking: R @ 45 -> 0
Checking: W @ 185 -> 28
Checking: W @ 17 -> 68
Checking: W @ 155 -> 91
Checking: R @ 22 -> 0
Checking: W @ 220 -> 42
Checking: R @ 38 -> 0
Checking: R @ 144 -> 0
Checking: R @ 84 -> 0
Checking: W @ 126 -> 88
Checking: R @ 68 -> 0
Checking: R @ 91 -> 0
Checking: ! id: 2 timestamp: 1774666573399593000 count: 6
Checking: R @ 89 -> 0
Checking: W @ 155 -> 4
Checking: R @ 183 -> 0
Checking: W @ 151 -> 88
Checking: R @ 21 -> 0
Checking: R @ 25 -> 0
Checking: ! id: 3 timestamp: 1774666573399661000 count: 6
Checking: R @ 94 -> 0
Checking: R @ 222 -> 0
Checking: R @ 49 -> 0
Checking: W @ 67 -> 22
Checking: W @ 61 -> 78
Checking: W @ 195 -> 77
Checking: ! id: 4 timestamp: 1774666573399735000 count: 9
Checking: R @ 123 -> 0
Checking: R @ 253 -> 0
Checking: R @ 155 -> 4
Checking: W @ 5 -> 78
Checking: R @ 145 -> 0
Checking: R @ 9 -> 0
Checking: R @ 16 -> 0
Checking: R @ 32 -> 0
Checking: R @ 176 -> 0
Checking: ! id: 5 timestamp: 1774666573399841000 count: 10
Checking: R @ 127 -> 0
Checking: W @ 152 -> 37
Checking: R @ 125 -> 0
Checking: R @ 0 -> 0
Checking: W @ 99 -> 10
Checking: R @ 203 -> 0
Checking: W @ 69 -> 59
Checking: W @ 164 -> 25
Checking: W @ 182 -> 55
Checking: R @ 203 -> 0
Checking: ! id: 6 timestamp: 1774666573399979000 count: 11
Checking: R @ 29 -> 0
Checking: R @ 23 -> 0
Checking: R @ 214 -> 0
Checking: R @ 71 -> 0
Checking: R @ 119 -> 0
Checking: R @ 17 -> 68
Checking: R @ 30 -> 0
Checking: W @ 219 -> 32
Checking: R @ 114 -> 0
Checking: R @ 136 -> 0
Checking: R @ 100 -> 0
Checking: ! id: 7 timestamp: 1774666573400063000 count: 9
Checking: R @ 110 -> 0
Checking: W @ 130 -> 53
Checking: R @ 11 -> 0
Checking: R @ 96 -> 0
Checking: R @ 220 -> 42
Checking: R @ 0 -> 0
Checking: W @ 214 -> 73
Checking: R @ 61 -> 78
Checking: R @ 154 -> 0
Checking: ! id: 8 timestamp: 1774666573400140000 count: 9
Checking: R @ 191 -> 0
Checking: W @ 193 -> 44
Checking: R @ 125 -> 0
Checking: R @ 5 -> 78
Checking: R @ 136 -> 0
Checking: W @ 25 -> 90
Checking: R @ 170 -> 0
Checking: W @ 79 -> 30
Checking: R @ 126 -> 88
Checking: ! id: 9 timestamp: 1774666573400221000 count: 12
Checking: W @ 15 -> 41
Checking: W @ 114 -> 40
Checking: W @ 61 -> 47
Checking: R @ 168 -> 0
Checking: R @ 61 -> 47
Checking: R @ 29 -> 0
Checking: R @ 124 -> 0
Checking: W @ 18 -> 27
Checking: R @ 90 -> 0
Checking: R @ 34 -> 0
Checking: W @ 248 -> 43
Checking: W @ 195 -> 25
Checking: ! id: 10 timestamp: 1774666573400290000 count: 7
Checking: W @ 75 -> 90
Checking: R @ 229 -> 0
Checking: R @ 91 -> 0
Checking: R @ 241 -> 0
Checking: R @ 21 -> 0
Checking: W @ 84 -> 89
Checking: W @ 86 -> 76
Checking: ! id: 11 timestamp: 1774666573400333000 count: 3
Checking: W @ 208 -> 20
Checking: W @ 31 -> 21
Checking: R @ 240 -> 0
Checking: ! id: 12 timestamp: 1774666573400369000 count: 5
Checking: W @ 55 -> 50
Checking: W @ 128 -> 87
Checking: W @ 26 -> 33
Checking: R @ 108 -> 0
Checking: R @ 5 -> 78
Checking: ! id: 13 timestamp: 1774666573400401000 count: 4
Checking: R @ 5 -> 78
Checking: W @ 19 -> 93
Checking: W @ 128 -> 84
Checking: R @ 85 -> 0
Checking: ! id: 14 timestamp: 1774666573400442000 count: 5
Checking: R @ 190 -> 0
Checking: W @ 15 -> 18
Checking: R @ 22 -> 0
Checking: R @ 119 -> 0
Checking: R @ 12 -> 0
Checking: ! id: 15 timestamp: 1774666573400476000 count: 3
Checking: R @ 33 -> 0
Checking: R @ 28 -> 0
Checking: W @ 139 -> 39
Checking: ! id: 16 timestamp: 1774666573400505000 count: 3
Checking: W @ 248 -> 17
Checking: R @ 2 -> 0
Checking: R @ 110 -> 0
Checking: ! id: 17 timestamp: 1774666573400545000 count: 6
Checking: W @ 244 -> 12
Checking: R @ 243 -> 0
Checking: R @ 55 -> 50
Checking: R @ 3 -> 0
Checking: W @ 110 -> 55
Checking: R @ 209 -> 0
Checking: ! id: 18 timestamp: 1774666573400625000 count: 12
Checking: W @ 8 -> 75
Checking: R @ 41 -> 0
Checking: R @ 159 -> 0
Checking: R @ 41 -> 0
Checking: W @ 64 -> 20
Checking: R @ 134 -> 0
Checking: R @ 213 -> 0
Checking: W @ 55 -> 45
Checking: R @ 82 -> 0
Checking: R @ 205 -> 0
Checking: R @ 21 -> 0
Checking: W @ 75 -> 30
Checking: ! id: 19 timestamp: 1774666573400672000 count: 5
Checking: R @ 140 -> 0
Checking: R @ 166 -> 0
Checking: W @ 62 -> 56
Checking: W @ 100 -> 31
Checking: R @ 37 -> 0
Checking: ! id: 20 timestamp: 1774666573400707000 count: 5
Checking: R @ 97 -> 0
Checking: R @ 11 -> 0
Checking: R @ 138 -> 0
Checking: W @ 13 -> 86
Checking: R @ 218 -> 0
Checking: ! id: 21 timestamp: 1774666573400757000 count: 6
Checking: R @ 136 -> 0
Checking: R @ 162 -> 0
Checking: R @ 81 -> 0
Checking: R @ 181 -> 0
Checking: R @ 245 -> 0
Checking: R @ 105 -> 0
Checking: ! id: 22 timestamp: 1774666573400841000 count: 12
Checking: R @ 227 -> 0
Checking: R @ 116 -> 0
Checking: W @ 196 -> 89
Checking: R @ 14 -> 0
Checking: R @ 84 -> 89
Checking: W @ 231 -> 74
Checking: R @ 26 -> 33
Checking: R @ 29 -> 0
Checking: W @ 192 -> 0
Checking: R @ 158 -> 0
Checking: R @ 24 -> 0
Checking: R @ 75 -> 30
Checking: ! id: 23 timestamp: 1774666573400901000 count: 6
Checking: R @ 42 -> 0
Checking: R @ 232 -> 0
Checking: R @ 229 -> 0
Checking: W @ 109 -> 64
Checking: R @ 77 -> 0
Checking: R @ 203 -> 0
Checking: ! id: 24 timestamp: 1774666573400962000 count: 9
Checking: R @ 182 -> 55
Checking: R @ 135 -> 0
Checking: W @ 89 -> 56
Checking: R @ 108 -> 0
Checking: R @ 63 -> 0
Checking: R @ 238 -> 0
Checking: W @ 66 -> 15
Checking: W @ 27 -> 57
Checking: W @ 216 -> 30
stm stderr: 
stm stderr: [33mNumber of goroutines after the engine is shutdown: 2[0m
stm stderr: [32mgoroutine 1 [running]:
stm stderr: main.main()
stm stderr: 	/Users/kenji/Documents/Y3S2/CS3211/cs3211-a2-a2_a0276238w_a0286456n/main/main.go:83 +0x498
stm stderr: 
stm stderr: goroutine 19 [syscall]:
stm stderr: os/signal.signal_recv()
stm stderr: 	/usr/local/go/src/runtime/sigqueue.go:149 +0x108
stm stderr: os/signal.loop()
stm stderr: 	/usr/local/go/src/os/signal/signal_unix.go:23 +0x1c
stm stderr: created by os/signal.Notify.func1.1 in goroutine 7
stm stderr: 	/usr/local/go/src/os/signal/signal.go:152 +0x28
stm stderr: [0mstm stderr closed
test passed.
test passed
