stm stderr: 
stm stderr: [33mNumber of goroutines before the engine is initialised: 4[0m
client thread 0 connected, waiting for others...
STM stdout: ! id: 0 timestamp: 1774666564345505000 count: 11
STM stdout: W @ 77 -> 84
STM stdout: W @ 192 -> 57
STM stdout: R @ 102 -> 0
STM stdout: W @ 189 -> 96
STM stdout: R @ 111 -> 0
STM stdout: R @ 19 -> 0
STM stdout: R @ 57 -> 0
STM stdout: W @ 37 -> 53
STM stdout: R @ 169 -> 0
STM stdout: R @ 238 -> 0
STM stdout: R @ 195 -> 0
STM stdout: ! id: 1 timestamp: 1774666564345711000 count: 12
STM stdout: R @ 174 -> 0
STM stdout: W @ 43 -> 35
STM stdout: R @ 190 -> 0
STM stdout: R @ 21 -> 0
STM stdout: R @ 179 -> 0
STM stdout: W @ 155 -> 14
STM stdout: W @ 11 -> 25
STM stdout: W @ 19 -> 49
STM stdout: R @ 7 -> 0
STM stdout: R @ 148 -> 0
STM stdout: W @ 2 -> 93
STM stdout: R @ 55 -> 0
STM stdout: ! id: 2 timestamp: 1774666564345821000 count: 5
STM stdout: W @ 3 -> 10
STM stdout: R @ 110 -> 0
STM stdout: W @ 158 -> 100
STM stdout: R @ 14 -> 0
STM stdout: W @ 163 -> 33
STM stdout: ! id: 3 timestamp: 1774666564345896000 count: 8
STM stdout: R @ 224 -> 0
STM stdout: R @ 249 -> 0
STM stdout: R @ 70 -> 0
STM stdout: R @ 226 -> 0
STM stdout: W @ 240 -> 67
STM stdout: R @ 208 -> 0
STM stdout: R @ 131 -> 0
STM stdout: R @ 98 -> 0
STM stdout: ! id: 4 timestamp: 1774666564346005000 count: 10
STM stdout: W @ 206 -> 48
STM stdout: R @ 103 -> 0
STM stdout: W @ 31 -> 34
STM stdout: W @ 8 -> 40
STM stdout: R @ 12 -> 0
STM stdout: W @ 242 -> 45
STM stdout: W @ 138 -> 62
STM stdout: R @ 12 -> 0
STM stdout: R @ 206 -> 48
STM stdout: W @ 7 -> 6
STM stdout: ! id: 5 timestamp: 1774666564346133000 count: 10
STM stdout: W @ 202 -> 14
STM stdout: R @ 221 -> 0
STM stdout: R @ 114 -> 0
STM stdout: W @ 95 -> 10
STM stdout: W @ 6 -> 66
STM stdout: W @ 237 -> 96
STM stdout: W @ 130 -> 62
STM stdout: R @ 151 -> 0
STM stdout: W @ 161 -> 24
STM stdout: R @ 179 -> 0
STM stdout: ! id: 6 timestamp: 1774666564346233000 count: 8
STM stdout: R @ 85 -> 0
STM stdout: W @ 197 -> 78
STM stdout: W @ 250 -> 12
STM stdout: W @ 195 -> 37
STM stdout: W @ 13 -> 68
STM stdout: W @ 202 -> 67
STM stdout: R @ 6 -> 66
STM stdout: R @ 7 -> 6
STM stdout: ! id: 7 timestamp: 1774666564346337000 count: 4
STM stdout: R @ 13 -> 68
STM stdout: W @ 118 -> 26
STM stdout: R @ 248 -> 0
STM stdout: R @ 65 -> 0
STM stdout: ! id: 8 timestamp: 1774666564346402000 count: 8
STM stdout: R @ 240 -> 67
STM stdout: W @ 219 -> 39
STM stdout: R @ 242 -> 45
STM stdout: R @ 189 -> 96
STM stdout: W @ 151 -> 40
STM stdout: R @ 144 -> 0
STM stdout: R @ 13 -> 68
STM stdout: R @ 15 -> 0
STM stdout: ! id: 9 timestamp: 1774666564346456000 count: 5
STM stdout: R @ 235 -> 0
STM stdout: W @ 180 -> 35
STM stdout: W @ 93 -> 69
STM stdout: W @ 236 -> 22
STM stdout: W @ 94 -> 79
STM stdout: ! id: 10 timestamp: 1774666564346549000 count: 11
STM stdout: W @ 164 -> 68
STM stdout: R @ 155 -> 14
STM stdout: W @ 254 -> 99
STM stdout: R @ 164 -> 68
STM stdout: R @ 115 -> 0
STM stdout: W @ 205 -> 36
STM stdout: R @ 8 -> 40
STM stdout: R @ 68 -> 0
STM stdout: R @ 113 -> 0
STM stdout: W @ 98 -> 24
STM stdout: R @ 230 -> 0
STM stdout: ! id: 11 timestamp: 1774666564346817000 count: 7
STM stdout: W @ 2 -> 69
STM stdout: R @ 77 -> 84
STM stdout: W @ 77 -> 17
STM stdout: R @ 26 -> 0
STM stdout: R @ 55 -> 0
STM stdout: R @ 76 -> 0
STM stdout: R @ 19 -> 49
STM stdout: ! id: 12 timestamp: 1774666564346905000 count: 11
STM stdout: W @ 200 -> 6
STM stdout: R @ 39 -> 0
STM stdout: W @ 4 -> 58
STM stdout: R @ 163 -> 33
STM stdout: W @ 109 -> 82
STM stdout: R @ 28 -> 0
STM stdout: R @ 182 -> 0
STM stdout: W @ 133 -> 16
STM stdout: R @ 14 -> 0
STM stdout: W @ 109 -> 83
STM stdout: W @ 103 -> 64
STM stdout: ! id: 13 timestamp: 1774666564346979000 count: 7
STM stdout: W @ 50 -> 87
STM stdout: W @ 216 -> 38
STM stdout: R @ 23 -> 0
STM stdout: R @ 79 -> 0
STM stdout: R @ 90 -> 0
STM stdout: R @ 54 -> 0
STM stdout: R @ 154 -> 0
STM stdout: ! id: 14 timestamp: 1774666564347111000 count: 3
STM stdout: R @ 1 -> 0
STM stdout: R @ 146 -> 0
STM stdout: W @ 142 -> 14
STM stdout: ! id: 15 timestamp: 1774666564347147000 count: 4
STM stdout: R @ 27 -> 0
STM stdout: R @ 206 -> 48
STM stdout: W @ 249 -> 12
STM stdout: W @ 19 -> 5
STM stdout: ! id: 16 timestamp: 1774666564347219000 count: 12
STM stdout: W @ 5 -> 28
STM stdout: R @ 89 -> 0
STM stdout: W @ 19 -> 42
STM stdout: R @ 125 -> 0
STM stdout: R @ 4 -> 58
STM stdout: R @ 49 -> 0
STM stdout: R @ 198 -> 0
STM stdout: W @ 228 -> 52
STM stdout: R @ 11 -> 25
STM stdout: R @ 141 -> 0
STM stdout: R @ 130 -> 62
STM stdout: R @ 15 -> 0
STM stdout: ! id: 17 timestamp: 1774666564347284000 count: 8
STM stdout: W @ 209 -> 95
STM stdout: R @ 4 -> 58
STM stdout: W @ 34 -> 57
STM stdout: R @ 216 -> 38
STM stdout: R @ 52 -> 0
STM stdout: W @ 84 -> 41
STM stdout: W @ 217 -> 71
STM stdout: W @ 236 -> 30
STM stdout: ! id: 18 timestamp: 1774666564347332000 count: 4
STM stdout: W @ 185 -> 26
STM stdout: W @ 88 -> 62
STM stdout: R @ 38 -> 0
STM stdout: R @ 86 -> 0
Checking: ! id: 0 timestamp: 1774666564345505000 count: 11
Checking: W @ 77 -> 84
Checking: W @ 192 -> 57
Checking: R @ 102 -> 0
Checking: W @ 189 -> 96
Checking: R @ 111 -> 0
Checking: R @ 19 -> 0
Checking: R @ 57 -> 0
Checking: W @ 37 -> 53
Checking: R @ 169 -> 0
Checking: R @ 238 -> 0
Checking: R @ 195 -> 0
Checking: ! id: 1 timestamp: 1774666564345711000 count: 12
Checking: R @ 174 -> 0
Checking: W @ 43 -> 35
Checking: R @ 190 -> 0
Checking: R @ 21 -> 0
Checking: R @ 179 -> 0
Checking: W @ 155 -> 14
Checking: W @ 11 -> 25
Checking: W @ 19 -> 49
Checking: R @ 7 -> 0
Checking: R @ 148 -> 0
Checking: W @ 2 -> 93
Checking: R @ 55 -> 0
Checking: ! id: 2 timestamp: 1774666564345821000 count: 5
Checking: W @ 3 -> 10
Checking: R @ 110 -> 0
Checking: W @ 158 -> 100
Checking: R @ 14 -> 0
Checking: W @ 163 -> 33
Checking: ! id: 3 timestamp: 1774666564345896000 count: 8
Checking: R @ 224 -> 0
Checking: R @ 249 -> 0
Checking: R @ 70 -> 0
Checking: R @ 226 -> 0
Checking: W @ 240 -> 67
Checking: R @ 208 -> 0
Checking: R @ 131 -> 0
Checking: R @ 98 -> 0
Checking: ! id: 4 timestamp: 1774666564346005000 count: 10
Checking: W @ 206 -> 48
Checking: R @ 103 -> 0
Checking: W @ 31 -> 34
Checking: W @ 8 -> 40
Checking: R @ 12 -> 0
Checking: W @ 242 -> 45
Checking: W @ 138 -> 62
Checking: R @ 12 -> 0
Checking: R @ 206 -> 48
Checking: W @ 7 -> 6
Checking: ! id: 5 timestamp: 1774666564346133000 count: 10
Checking: W @ 202 -> 14
Checking: R @ 221 -> 0
Checking: R @ 114 -> 0
Checking: W @ 95 -> 10
Checking: W @ 6 -> 66
Checking: W @ 237 -> 96
Checking: W @ 130 -> 62
Checking: R @ 151 -> 0
Checking: W @ 161 -> 24
Checking: R @ 179 -> 0
Checking: ! id: 6 timestamp: 1774666564346233000 count: 8
Checking: R @ 85 -> 0
Checking: W @ 197 -> 78
Checking: W @ 250 -> 12
Checking: W @ 195 -> 37
Checking: W @ 13 -> 68
Checking: W @ 202 -> 67
Checking: R @ 6 -> 66
Checking: R @ 7 -> 6
Checking: ! id: 7 timestamp: 1774666564346337000 count: 4
Checking: R @ 13 -> 68
Checking: W @ 118 -> 26
Checking: R @ 248 -> 0
Checking: R @ 65 -> 0
Checking: ! id: 8 timestamp: 1774666564346402000 count: 8
Checking: R @ 240 -> 67
Checking: W @ 219 -> 39
Checking: R @ 242 -> 45
Checking: R @ 189 -> 96
Checking: W @ 151 -> 40
Checking: R @ 144 -> 0
Checking: R @ 13 -> 68
Checking: R @ 15 -> 0
Checking: ! id: 9 timestamp: 1774666564346456000 count: 5
Checking: R @ 235 -> 0
Checking: W @ 180 -> 35
Checking: W @ 93 -> 69
Checking: W @ 236 -> 22
Checking: W @ 94 -> 79
Checking: ! id: 10 timestamp: 1774666564346549000 count: 11
Checking: W @ 164 -> 68
Checking: R @ 155 -> 14
Checking: W @ 254 -> 99
Checking: R @ 164 -> 68
Checking: R @ 115 -> 0
Checking: W @ 205 -> 36
Checking: R @ 8 -> 40
Checking: R @ 68 -> 0
Checking: R @ 113 -> 0
Checking: W @ 98 -> 24
Checking: R @ 230 -> 0
Checking: ! id: 11 timestamp: 1774666564346817000 count: 7
Checking: W @ 2 -> 69
Checking: R @ 77 -> 84
Checking: W @ 77 -> 17
Checking: R @ 26 -> 0
Checking: R @ 55 -> 0
Checking: R @ 76 -> 0
Checking: R @ 19 -> 49
Checking: ! id: 12 timestamp: 1774666564346905000 count: 11
Checking: W @ 200 -> 6
Checking: R @ 39 -> 0
Checking: W @ 4 -> 58
Checking: R @ 163 -> 33
Checking: W @ 109 -> 82
Checking: R @ 28 -> 0
Checking: R @ 182 -> 0
Checking: W @ 133 -> 16
Checking: R @ 14 -> 0
Checking: W @ 109 -> 83
Checking: W @ 103 -> 64
Checking: ! id: 13 timestamp: 1774666564346979000 count: 7
Checking: W @ 50 -> 87
Checking: W @ 216 -> 38
Checking: R @ 23 -> 0
Checking: R @ 79 -> 0
Checking: R @ 90 -> 0
Checking: R @ 54 -> 0
Checking: R @ 154 -> 0
Checking: ! id: 14 timestamp: 1774666564347111000 count: 3
Checking: R @ 1 -> 0
Checking: R @ 146 -> 0
Checking: W @ 142 -> 14
Checking: ! id: 15 timestamp: 1774666564347147000 count: 4
Checking: R @ 27 -> 0
Checking: R @ 206 -> 48
Checking: W @ 249 -> 12
Checking: W @ 19 -> 5
Checking: ! id: 16 timestamp: 1774666564347219000 count: 12
Checking: W @ 5 -> 28
Checking: R @ 89 -> 0
Checking: W @ 19 -> 42
Checking: R @ 125 -> 0
Checking: R @ 4 -> 58
Checking: R @ 49 -> 0
Checking: R @ 198 -> 0
Checking: W @ 228 -> 52
Checking: R @ 11 -> 25
Checking: R @ 141 -> 0
Checking: R @ 130 -> 62
Checking: R @ 15 -> 0
Checking: ! id: 17 timestamp: 1774666564347284000 count: 8
Checking: W @ 209 -> 95
Checking: R @ 4 -> 58
Checking: W @ 34 -> 57
Checking: R @ 216 -> 38
Checking: R @ 52 -> 0
Checking: W @ 84 -> 41
Checking: W @ 217 -> 71
Checking: W @ 236 -> 30
Checking: ! id: 18 timestamp: 1774666564347332000 count: 4
Checking: W @ 185 -> 26
Checking: W @ 88 -> 62
Checking: R @ 38 -> 0
Checking: R @ 86 -> 0
stm stderr: 
stm stderr: [33mNumber of goroutines after the engine is shutdown: 2[0m
stm stderr: [32mgoroutine 1 [running]:
stm stderr: main.main()
stm stderr: 	/Users/kenji/Documents/Y3S2/CS3211/cs3211-a2-a2_a0276238w_a0286456n/main/main.go:83 +0x498
stm stderr: 
stm stderr: goroutine 5 [syscall]:
stm stderr: os/signal.signal_recv()
stm stderr: 	/usr/local/go/src/runtime/sigqueue.go:149 +0x108
stm stderr: os/signal.loop()
stm stderr: 	/usr/local/go/src/os/signal/signal_unix.go:23 +0x1c
stm stderr: created by os/signal.Notify.func1.1 in goroutine 20
stm stderr: 	/usr/local/go/src/os/signal/signal.go:152 +0x28
stm stderr: [0mstm stderr closed
test passed.
test passed
