stm stderr: 
stm stderr: [33mNumber of goroutines before the engine is initialised: 4[0m
client thread 0 connected, waiting for others...
STM stdout: ! id: 0 timestamp: 1774666568872623000 count: 11
STM stdout: W @ 21 -> 97
STM stdout: R @ 68 -> 0
STM stdout: R @ 110 -> 0
STM stdout: R @ 61 -> 0
STM stdout: W @ 117 -> 56
STM stdout: W @ 119 -> 83
STM stdout: W @ 160 -> 65
STM stdout: W @ 131 -> 87
STM stdout: R @ 164 -> 0
STM stdout: R @ 55 -> 0
STM stdout: W @ 96 -> 22
STM stdout: ! id: 1 timestamp: 1774666568872771000 count: 10
STM stdout: R @ 98 -> 0
STM stdout: R @ 154 -> 0
STM stdout: R @ 101 -> 0
STM stdout: R @ 143 -> 0
STM stdout: W @ 198 -> 74
STM stdout: R @ 143 -> 0
STM stdout: R @ 128 -> 0
STM stdout: R @ 7 -> 0
STM stdout: R @ 100 -> 0
STM stdout: R @ 246 -> 0
STM stdout: ! id: 2 timestamp: 1774666568872882000 count: 12
STM stdout: R @ 42 -> 0
STM stdout: R @ 11 -> 0
STM stdout: W @ 4 -> 74
STM stdout: W @ 57 -> 96
STM stdout: W @ 147 -> 35
STM stdout: R @ 73 -> 0
STM stdout: W @ 123 -> 57
STM stdout: W @ 120 -> 55
STM stdout: W @ 184 -> 33
STM stdout: R @ 22 -> 0
STM stdout: W @ 238 -> 47
STM stdout: R @ 47 -> 0
STM stdout: ! id: 3 timestamp: 1774666568872986000 count: 7
STM stdout: R @ 247 -> 0
STM stdout: R @ 174 -> 0
STM stdout: R @ 56 -> 0
STM stdout: R @ 18 -> 0
STM stdout: W @ 50 -> 1
STM stdout: R @ 95 -> 0
STM stdout: W @ 104 -> 30
STM stdout: ! id: 4 timestamp: 1774666568873042000 count: 8
STM stdout: R @ 212 -> 0
STM stdout: R @ 220 -> 0
STM stdout: R @ 69 -> 0
STM stdout: W @ 199 -> 48
STM stdout: R @ 117 -> 56
STM stdout: W @ 97 -> 45
STM stdout: W @ 155 -> 51
STM stdout: R @ 218 -> 0
STM stdout: ! id: 5 timestamp: 1774666568873119000 count: 9
STM stdout: R @ 44 -> 0
STM stdout: W @ 234 -> 92
STM stdout: W @ 143 -> 2
STM stdout: W @ 63 -> 43
STM stdout: R @ 37 -> 0
STM stdout: W @ 161 -> 91
STM stdout: W @ 202 -> 34
STM stdout: R @ 19 -> 0
STM stdout: R @ 205 -> 0
STM stdout: ! id: 6 timestamp: 1774666568873225000 count: 11
STM stdout: W @ 127 -> 22
STM stdout: R @ 113 -> 0
STM stdout: R @ 116 -> 0
STM stdout: W @ 4 -> 40
STM stdout: R @ 68 -> 0
STM stdout: W @ 138 -> 88
STM stdout: R @ 186 -> 0
STM stdout: R @ 67 -> 0
STM stdout: R @ 196 -> 0
STM stdout: W @ 18 -> 40
STM stdout: W @ 93 -> 3
STM stdout: ! id: 7 timestamp: 1774666568873299000 count: 10
STM stdout: R @ 238 -> 47
STM stdout: R @ 195 -> 0
STM stdout: R @ 32 -> 0
STM stdout: R @ 101 -> 0
STM stdout: W @ 184 -> 89
STM stdout: W @ 170 -> 30
STM stdout: R @ 191 -> 0
STM stdout: R @ 57 -> 96
STM stdout: R @ 153 -> 0
STM stdout: R @ 190 -> 0
STM stdout: ! id: 8 timestamp: 1774666568873339000 count: 4
STM stdout: R @ 34 -> 0
STM stdout: R @ 102 -> 0
STM stdout: R @ 254 -> 0
STM stdout: R @ 201 -> 0
STM stdout: ! id: 9 timestamp: 1774666568873399000 count: 12
STM stdout: W @ 166 -> 17
STM stdout: R @ 25 -> 0
STM stdout: R @ 142 -> 0
STM stdout: W @ 102 -> 10
STM stdout: W @ 5 -> 96
STM stdout: R @ 194 -> 0
STM stdout: R @ 241 -> 0
STM stdout: R @ 190 -> 0
STM stdout: W @ 66 -> 87
STM stdout: W @ 63 -> 29
STM stdout: W @ 87 -> 23
STM stdout: R @ 20 -> 0
STM stdout: ! id: 10 timestamp: 1774666568873439000 count: 4
STM stdout: R @ 194 -> 0
STM stdout: R @ 130 -> 0
STM stdout: R @ 72 -> 0
STM stdout: W @ 130 -> 61
STM stdout: ! id: 11 timestamp: 1774666568873486000 count: 7
STM stdout: R @ 34 -> 0
STM stdout: R @ 5 -> 96
STM stdout: W @ 116 -> 99
STM stdout: R @ 50 -> 1
STM stdout: R @ 60 -> 0
STM stdout: W @ 62 -> 68
STM stdout: R @ 26 -> 0
STM stdout: ! id: 12 timestamp: 1774666568873541000 count: 9
STM stdout: R @ 200 -> 0
STM stdout: R @ 183 -> 0
STM stdout: R @ 57 -> 96
STM stdout: W @ 211 -> 100
STM stdout: R @ 202 -> 34
STM stdout: W @ 146 -> 74
STM stdout: R @ 153 -> 0
STM stdout: W @ 29 -> 43
STM stdout: W @ 190 -> 41
STM stdout: ! id: 13 timestamp: 1774666568873616000 count: 12
STM stdout: R @ 25 -> 0
STM stdout: W @ 231 -> 17
STM stdout: W @ 233 -> 21
STM stdout: R @ 49 -> 0
STM stdout: W @ 220 -> 91
STM stdout: R @ 181 -> 0
STM stdout: W @ 84 -> 61
STM stdout: R @ 1 -> 0
STM stdout: R @ 101 -> 0
STM stdout: R @ 189 -> 0
STM stdout: R @ 114 -> 0
STM stdout: R @ 25 -> 0
STM stdout: ! id: 14 timestamp: 1774666568873663000 count: 5
STM stdout: W @ 76 -> 47
STM stdout: R @ 146 -> 74
STM stdout: W @ 14 -> 27
STM stdout: W @ 125 -> 33
STM stdout: R @ 232 -> 0
STM stdout: ! id: 15 timestamp: 1774666568873722000 count: 11
STM stdout: R @ 31 -> 0
STM stdout: W @ 13 -> 16
STM stdout: R @ 78 -> 0
STM stdout: W @ 104 -> 8
STM stdout: R @ 57 -> 96
STM stdout: W @ 157 -> 25
STM stdout: W @ 1 -> 23
STM stdout: R @ 25 -> 0
STM stdout: R @ 176 -> 0
STM stdout: R @ 175 -> 0
STM stdout: R @ 218 -> 0
STM stdout: ! id: 16 timestamp: 1774666568873768000 count: 3
STM stdout: R @ 95 -> 0
STM stdout: R @ 248 -> 0
STM stdout: R @ 99 -> 0
Checking: ! id: 0 timestamp: 1774666568872623000 count: 11
Checking: W @ 21 -> 97
Checking: R @ 68 -> 0
Checking: R @ 110 -> 0
Checking: R @ 61 -> 0
Checking: W @ 117 -> 56
Checking: W @ 119 -> 83
Checking: W @ 160 -> 65
Checking: W @ 131 -> 87
Checking: R @ 164 -> 0
Checking: R @ 55 -> 0
Checking: W @ 96 -> 22
Checking: ! id: 1 timestamp: 1774666568872771000 count: 10
Checking: R @ 98 -> 0
Checking: R @ 154 -> 0
Checking: R @ 101 -> 0
Checking: R @ 143 -> 0
Checking: W @ 198 -> 74
Checking: R @ 143 -> 0
Checking: R @ 128 -> 0
Checking: R @ 7 -> 0
Checking: R @ 100 -> 0
Checking: R @ 246 -> 0
Checking: ! id: 2 timestamp: 1774666568872882000 count: 12
Checking: R @ 42 -> 0
Checking: R @ 11 -> 0
Checking: W @ 4 -> 74
Checking: W @ 57 -> 96
Checking: W @ 147 -> 35
Checking: R @ 73 -> 0
Checking: W @ 123 -> 57
Checking: W @ 120 -> 55
Checking: W @ 184 -> 33
Checking: R @ 22 -> 0
Checking: W @ 238 -> 47
Checking: R @ 47 -> 0
Checking: ! id: 3 timestamp: 1774666568872986000 count: 7
Checking: R @ 247 -> 0
Checking: R @ 174 -> 0
Checking: R @ 56 -> 0
Checking: R @ 18 -> 0
Checking: W @ 50 -> 1
Checking: R @ 95 -> 0
Checking: W @ 104 -> 30
Checking: ! id: 4 timestamp: 1774666568873042000 count: 8
Checking: R @ 212 -> 0
Checking: R @ 220 -> 0
Checking: R @ 69 -> 0
Checking: W @ 199 -> 48
Checking: R @ 117 -> 56
Checking: W @ 97 -> 45
Checking: W @ 155 -> 51
Checking: R @ 218 -> 0
Checking: ! id: 5 timestamp: 1774666568873119000 count: 9
Checking: R @ 44 -> 0
Checking: W @ 234 -> 92
Checking: W @ 143 -> 2
Checking: W @ 63 -> 43
Checking: R @ 37 -> 0
Checking: W @ 161 -> 91
Checking: W @ 202 -> 34
Checking: R @ 19 -> 0
Checking: R @ 205 -> 0
Checking: ! id: 6 timestamp: 1774666568873225000 count: 11
Checking: W @ 127 -> 22
Checking: R @ 113 -> 0
Checking: R @ 116 -> 0
Checking: W @ 4 -> 40
Checking: R @ 68 -> 0
Checking: W @ 138 -> 88
Checking: R @ 186 -> 0
Checking: R @ 67 -> 0
Checking: R @ 196 -> 0
Checking: W @ 18 -> 40
Checking: W @ 93 -> 3
Checking: ! id: 7 timestamp: 1774666568873299000 count: 10
Checking: R @ 238 -> 47
Checking: R @ 195 -> 0
Checking: R @ 32 -> 0
Checking: R @ 101 -> 0
Checking: W @ 184 -> 89
Checking: W @ 170 -> 30
Checking: R @ 191 -> 0
Checking: R @ 57 -> 96
Checking: R @ 153 -> 0
Checking: R @ 190 -> 0
Checking: ! id: 8 timestamp: 1774666568873339000 count: 4
Checking: R @ 34 -> 0
Checking: R @ 102 -> 0
Checking: R @ 254 -> 0
Checking: R @ 201 -> 0
Checking: ! id: 9 timestamp: 1774666568873399000 count: 12
Checking: W @ 166 -> 17
Checking: R @ 25 -> 0
Checking: R @ 142 -> 0
Checking: W @ 102 -> 10
Checking: W @ 5 -> 96
Checking: R @ 194 -> 0
Checking: R @ 241 -> 0
Checking: R @ 190 -> 0
Checking: W @ 66 -> 87
Checking: W @ 63 -> 29
Checking: W @ 87 -> 23
Checking: R @ 20 -> 0
Checking: ! id: 10 timestamp: 1774666568873439000 count: 4
Checking: R @ 194 -> 0
Checking: R @ 130 -> 0
Checking: R @ 72 -> 0
Checking: W @ 130 -> 61
Checking: ! id: 11 timestamp: 1774666568873486000 count: 7
Checking: R @ 34 -> 0
Checking: R @ 5 -> 96
Checking: W @ 116 -> 99
Checking: R @ 50 -> 1
Checking: R @ 60 -> 0
Checking: W @ 62 -> 68
Checking: R @ 26 -> 0
Checking: ! id: 12 timestamp: 1774666568873541000 count: 9
Checking: R @ 200 -> 0
Checking: R @ 183 -> 0
Checking: R @ 57 -> 96
Checking: W @ 211 -> 100
Checking: R @ 202 -> 34
Checking: W @ 146 -> 74
Checking: R @ 153 -> 0
Checking: W @ 29 -> 43
Checking: W @ 190 -> 41
Checking: ! id: 13 timestamp: 1774666568873616000 count: 12
Checking: R @ 25 -> 0
Checking: W @ 231 -> 17
Checking: W @ 233 -> 21
Checking: R @ 49 -> 0
Checking: W @ 220 -> 91
Checking: R @ 181 -> 0
Checking: W @ 84 -> 61
Checking: R @ 1 -> 0
Checking: R @ 101 -> 0
Checking: R @ 189 -> 0
Checking: R @ 114 -> 0
Checking: R @ 25 -> 0
Checking: ! id: 14 timestamp: 1774666568873663000 count: 5
Checking: W @ 76 -> 47
Checking: R @ 146 -> 74
Checking: W @ 14 -> 27
Checking: W @ 125 -> 33
Checking: R @ 232 -> 0
Checking: ! id: 15 timestamp: 1774666568873722000 count: 11
Checking: R @ 31 -> 0
Checking: W @ 13 -> 16
Checking: R @ 78 -> 0
Checking: W @ 104 -> 8
Checking: R @ 57 -> 96
Checking: W @ 157 -> 25
Checking: W @ 1 -> 23
Checking: R @ 25 -> 0
Checking: R @ 176 -> 0
Checking: R @ 175 -> 0
Checking: R @ 218 -> 0
Checking: ! id: 16 timestamp: 1774666568873768000 count: 3
Checking: R @ 95 -> 0
Checking: R @ 248 -> 0
Checking: R @ 99 -> 0
stm stderr: 
stm stderr: [33mNumber of goroutines after the engine is shutdown: 2[0m
stm stderr: [32mgoroutine 1 [running]:
stm stderr: main.main()
stm stderr: 	/Users/kenji/Documents/Y3S2/CS3211/cs3211-a2-a2_a0276238w_a0286456n/main/main.go:83 +0x498
stm stderr: 
stm stderr: goroutine 34 [syscall]:
stm stderr: os/signal.signal_recv()
stm stderr: 	/usr/local/go/src/runtime/sigqueue.go:149 +0x108
stm stderr: os/signal.loop()
stm stderr: 	/usr/local/go/src/os/signal/signal_unix.go:23 +0x1c
stm stderr: created by os/signal.Notify.func1.1 in goroutine 7
stm stderr: 	/usr/local/go/src/os/signal/signal.go:152 +0x28
stm stderr: [0mstm stderr closed
test passed.
test passed
